/u/s/i/sinclair/courses/cs552/spring2019/handouts/testprograms/public/rand_final/ldld_rand_large.asm SUCCESS CPI:2.2 CYCLES:2261 ICOUNT:1035 IHITRATE: 99.8 DHITRATE: 96.8
/u/s/i/sinclair/courses/cs552/spring2019/handouts/testprograms/public/rand_final/ldld_rand_small.asm SUCCESS CPI:2.2 CYCLES:2261 ICOUNT:1035 IHITRATE: 99.8 DHITRATE: 96.8
/u/s/i/sinclair/courses/cs552/spring2019/handouts/testprograms/public/rand_final/ldst_rand_large.asm SUCCESS CPI:10.6 CYCLES:32 ICOUNT:3 IHITRATE: 60.0 DHITRATE: 0.0
/u/s/i/sinclair/courses/cs552/spring2019/handouts/testprograms/public/rand_final/ldst_rand_small.asm SUCCESS CPI:10.6 CYCLES:32 ICOUNT:3 IHITRATE: 60.0 DHITRATE: 0.0
/u/s/i/sinclair/courses/cs552/spring2019/handouts/testprograms/public/rand_final/t_100_all.asm SUCCESS CPI:3.9 CYCLES:1226 ICOUNT:314 IHITRATE: 70.7 DHITRATE: 70.4
/u/s/i/sinclair/courses/cs552/spring2019/handouts/testprograms/public/rand_final/t_100_ctrl.asm SUCCESS CPI:3.9 CYCLES:1684 ICOUNT:436 IHITRATE: 69.3 DHITRATE: 71.8
/u/s/i/sinclair/courses/cs552/spring2019/handouts/testprograms/public/rand_final/t_100_icache.asm SUCCESS CPI:21.0 CYCLES:252 ICOUNT:12 IHITRATE: 21.1 DHITRATE: 0
/u/s/i/sinclair/courses/cs552/spring2019/handouts/testprograms/public/rand_final/t_100_idcache.asm SUCCESS CPI:6.5 CYCLES:508 ICOUNT:78 IHITRATE: 59.5 DHITRATE: 34.8
/u/s/i/sinclair/courses/cs552/spring2019/handouts/testprograms/public/rand_final/t_100_mem.asm SUCCESS CPI:4.1 CYCLES:2748 ICOUNT:668 IHITRATE: 78.8 DHITRATE: 90.4
/u/s/i/sinclair/courses/cs552/spring2019/handouts/testprograms/public/rand_final/t_101_all.asm SUCCESS CPI:3.7 CYCLES:1574 ICOUNT:422 IHITRATE: 70.6 DHITRATE: 71.4
/u/s/i/sinclair/courses/cs552/spring2019/handouts/testprograms/public/rand_final/t_101_ctrl.asm SUCCESS CPI:3.6 CYCLES:1837 ICOUNT:515 IHITRATE: 72.8 DHITRATE: 71.9
/u/s/i/sinclair/courses/cs552/spring2019/handouts/testprograms/public/rand_final/t_101_icache.asm SUCCESS CPI:5.0 CYCLES:294 ICOUNT:59 IHITRATE: 57.9 DHITRATE: 0
/u/s/i/sinclair/courses/cs552/spring2019/handouts/testprograms/public/rand_final/t_101_idcache.asm SUCCESS CPI:6.6 CYCLES:477 ICOUNT:72 IHITRATE: 62.5 DHITRATE: 35.0
/u/s/i/sinclair/courses/cs552/spring2019/handouts/testprograms/public/rand_final/t_101_mem.asm SUCCESS CPI:4.1 CYCLES:2730 ICOUNT:673 IHITRATE: 78.6 DHITRATE: 90.8
/u/s/i/sinclair/courses/cs552/spring2019/handouts/testprograms/public/rand_final/t_102_all.asm SUCCESS CPI:3.7 CYCLES:1298 ICOUNT:349 IHITRATE: 70.2 DHITRATE: 61.3
/u/s/i/sinclair/courses/cs552/spring2019/handouts/testprograms/public/rand_final/t_102_ctrl.asm SUCCESS CPI:3.9 CYCLES:1671 ICOUNT:434 IHITRATE: 70.8 DHITRATE: 61.8
/u/s/i/sinclair/courses/cs552/spring2019/handouts/testprograms/public/rand_final/t_102_icache.asm SUCCESS CPI:29.9 CYCLES:359 ICOUNT:12 IHITRATE: 15.7 DHITRATE: 0
/u/s/i/sinclair/courses/cs552/spring2019/handouts/testprograms/public/rand_final/t_102_idcache.asm SUCCESS CPI:7.2 CYCLES:449 ICOUNT:62 IHITRATE: 56.7 DHITRATE: 35.3
/u/s/i/sinclair/courses/cs552/spring2019/handouts/testprograms/public/rand_final/t_102_mem.asm SUCCESS CPI:3.8 CYCLES:2582 ICOUNT:677 IHITRATE: 76.9 DHITRATE: 94.8
/u/s/i/sinclair/courses/cs552/spring2019/handouts/testprograms/public/rand_final/t_103_all.asm SUCCESS CPI:3.5 CYCLES:1514 ICOUNT:434 IHITRATE: 72.2 DHITRATE: 57.7
/u/s/i/sinclair/courses/cs552/spring2019/handouts/testprograms/public/rand_final/t_103_ctrl.asm SUCCESS CPI:3.6 CYCLES:1937 ICOUNT:534 IHITRATE: 71.6 DHITRATE: 71.1
/u/s/i/sinclair/courses/cs552/spring2019/handouts/testprograms/public/rand_final/t_103_icache.asm SUCCESS CPI:23.1 CYCLES:300 ICOUNT:13 IHITRATE: 21.7 DHITRATE: 0
/u/s/i/sinclair/courses/cs552/spring2019/handouts/testprograms/public/rand_final/t_103_idcache.asm SUCCESS CPI:4.1 CYCLES:567 ICOUNT:139 IHITRATE: 66.9 DHITRATE: 35.7
/u/s/i/sinclair/courses/cs552/spring2019/handouts/testprograms/public/rand_final/t_103_mem.asm SUCCESS CPI:4.0 CYCLES:2637 ICOUNT:666 IHITRATE: 77.0 DHITRATE: 94.5
/u/s/i/sinclair/courses/cs552/spring2019/handouts/testprograms/public/rand_final/t_104_all.asm SUCCESS CPI:3.6 CYCLES:1565 ICOUNT:440 IHITRATE: 71.0 DHITRATE: 63.0
/u/s/i/sinclair/courses/cs552/spring2019/handouts/testprograms/public/rand_final/t_104_ctrl.asm SUCCESS CPI:3.6 CYCLES:1884 ICOUNT:527 IHITRATE: 72.0 DHITRATE: 64.6
/u/s/i/sinclair/courses/cs552/spring2019/handouts/testprograms/public/rand_final/t_104_icache.asm SUCCESS CPI:6.2 CYCLES:296 ICOUNT:48 IHITRATE: 51.5 DHITRATE: 0
/u/s/i/sinclair/courses/cs552/spring2019/handouts/testprograms/public/rand_final/t_104_idcache.asm SUCCESS CPI:5.5 CYCLES:449 ICOUNT:82 IHITRATE: 61.7 DHITRATE: 20.0
/u/s/i/sinclair/courses/cs552/spring2019/handouts/testprograms/public/rand_final/t_104_mem.asm SUCCESS CPI:3.9 CYCLES:2615 ICOUNT:665 IHITRATE: 77.0 DHITRATE: 95.7
/u/s/i/sinclair/courses/cs552/spring2019/handouts/testprograms/public/rand_final/t_105_all.asm SUCCESS CPI:3.6 CYCLES:1559 ICOUNT:438 IHITRATE: 71.4 DHITRATE: 60.7
/u/s/i/sinclair/courses/cs552/spring2019/handouts/testprograms/public/rand_final/t_105_ctrl.asm SUCCESS CPI:3.6 CYCLES:1792 ICOUNT:500 IHITRATE: 71.1 DHITRATE: 70.5
/u/s/i/sinclair/courses/cs552/spring2019/handouts/testprograms/public/rand_final/t_105_icache.asm SUCCESS CPI:8.2 CYCLES:337 ICOUNT:41 IHITRATE: 43.5 DHITRATE: 0
/u/s/i/sinclair/courses/cs552/spring2019/handouts/testprograms/public/rand_final/t_105_idcache.asm SUCCESS CPI:6.7 CYCLES:522 ICOUNT:78 IHITRATE: 54.3 DHITRATE: 8.3
/u/s/i/sinclair/courses/cs552/spring2019/handouts/testprograms/public/rand_final/t_105_mem.asm SUCCESS CPI:3.9 CYCLES:2601 ICOUNT:669 IHITRATE: 76.9 DHITRATE: 94.6
/u/s/i/sinclair/courses/cs552/spring2019/handouts/testprograms/public/rand_final/t_106_all.asm SUCCESS CPI:3.7 CYCLES:1626 ICOUNT:444 IHITRATE: 70.9 DHITRATE: 70.7
/u/s/i/sinclair/courses/cs552/spring2019/handouts/testprograms/public/rand_final/t_106_ctrl.asm SUCCESS CPI:3.7 CYCLES:1844 ICOUNT:492 IHITRATE: 70.6 DHITRATE: 72.7
/u/s/i/sinclair/courses/cs552/spring2019/handouts/testprograms/public/rand_final/t_106_icache.asm SUCCESS CPI:25.3 CYCLES:304 ICOUNT:12 IHITRATE: 21.7 DHITRATE: 0
/u/s/i/sinclair/courses/cs552/spring2019/handouts/testprograms/public/rand_final/t_106_idcache.asm SUCCESS CPI:4.8 CYCLES:587 ICOUNT:123 IHITRATE: 63.2 DHITRATE: 28.6
/u/s/i/sinclair/courses/cs552/spring2019/handouts/testprograms/public/rand_final/t_106_mem.asm SUCCESS CPI:4.0 CYCLES:2676 ICOUNT:670 IHITRATE: 77.6 DHITRATE: 93.2
/u/s/i/sinclair/courses/cs552/spring2019/handouts/testprograms/public/rand_final/t_107_all.asm SUCCESS CPI:3.6 CYCLES:1481 ICOUNT:410 IHITRATE: 71.1 DHITRATE: 65.6
/u/s/i/sinclair/courses/cs552/spring2019/handouts/testprograms/public/rand_final/t_107_ctrl.asm SUCCESS CPI:3.6 CYCLES:1927 ICOUNT:537 IHITRATE: 71.4 DHITRATE: 75.7
/u/s/i/sinclair/courses/cs552/spring2019/handouts/testprograms/public/rand_final/t_107_icache.asm SUCCESS CPI:8.6 CYCLES:325 ICOUNT:38 IHITRATE: 46.4 DHITRATE: 0
/u/s/i/sinclair/courses/cs552/spring2019/handouts/testprograms/public/rand_final/t_107_idcache.asm SUCCESS CPI:5.1 CYCLES:451 ICOUNT:89 IHITRATE: 62.9 DHITRATE: 20.0
/u/s/i/sinclair/courses/cs552/spring2019/handouts/testprograms/public/rand_final/t_107_mem.asm SUCCESS CPI:3.9 CYCLES:2608 ICOUNT:661 IHITRATE: 77.2 DHITRATE: 93.7
/u/s/i/sinclair/courses/cs552/spring2019/handouts/testprograms/public/rand_final/t_108_all.asm SUCCESS CPI:3.4 CYCLES:1513 ICOUNT:444 IHITRATE: 72.7 DHITRATE: 64.9
/u/s/i/sinclair/courses/cs552/spring2019/handouts/testprograms/public/rand_final/t_108_ctrl.asm SUCCESS CPI:3.6 CYCLES:1772 ICOUNT:495 IHITRATE: 70.8 DHITRATE: 72.1
/u/s/i/sinclair/courses/cs552/spring2019/handouts/testprograms/public/rand_final/t_108_icache.asm SUCCESS CPI:6.1 CYCLES:263 ICOUNT:43 IHITRATE: 54.0 DHITRATE: 0
/u/s/i/sinclair/courses/cs552/spring2019/handouts/testprograms/public/rand_final/t_108_idcache.asm SUCCESS CPI:7.1 CYCLES:346 ICOUNT:49 IHITRATE: 56.6 DHITRATE: 11.1
/u/s/i/sinclair/courses/cs552/spring2019/handouts/testprograms/public/rand_final/t_108_mem.asm SUCCESS CPI:4.1 CYCLES:2748 ICOUNT:675 IHITRATE: 78.7 DHITRATE: 89.2
/u/s/i/sinclair/courses/cs552/spring2019/handouts/testprograms/public/rand_final/t_109_all.asm SUCCESS CPI:3.8 CYCLES:1200 ICOUNT:318 IHITRATE: 70.4 DHITRATE: 83.3
/u/s/i/sinclair/courses/cs552/spring2019/handouts/testprograms/public/rand_final/t_109_ctrl.asm SUCCESS CPI:3.6 CYCLES:1920 ICOUNT:527 IHITRATE: 70.7 DHITRATE: 85.4
/u/s/i/sinclair/courses/cs552/spring2019/handouts/testprograms/public/rand_final/t_109_icache.asm SUCCESS CPI:5.3 CYCLES:465 ICOUNT:88 IHITRATE: 57.9 DHITRATE: 0
/u/s/i/sinclair/courses/cs552/spring2019/handouts/testprograms/public/rand_final/t_109_idcache.asm SUCCESS CPI:6.3 CYCLES:596 ICOUNT:95 IHITRATE: 59.9 DHITRATE: 13.0
/u/s/i/sinclair/courses/cs552/spring2019/handouts/testprograms/public/rand_final/t_109_mem.asm SUCCESS CPI:4.0 CYCLES:2661 ICOUNT:659 IHITRATE: 77.3 DHITRATE: 93.9
/u/s/i/sinclair/courses/cs552/spring2019/handouts/testprograms/public/rand_final/t_10_mem.asm SUCCESS CPI:3.9 CYCLES:2588 ICOUNT:668 IHITRATE: 77.7 DHITRATE: 93.7
/u/s/i/sinclair/courses/cs552/spring2019/handouts/testprograms/public/rand_final/t_110_all.asm SUCCESS CPI:3.5 CYCLES:1520 ICOUNT:434 IHITRATE: 71.1 DHITRATE: 84.6
/u/s/i/sinclair/courses/cs552/spring2019/handouts/testprograms/public/rand_final/t_110_ctrl.asm SUCCESS CPI:3.9 CYCLES:1765 ICOUNT:458 IHITRATE: 70.9 DHITRATE: 71.1
/u/s/i/sinclair/courses/cs552/spring2019/handouts/testprograms/public/rand_final/t_110_icache.asm SUCCESS CPI:5.4 CYCLES:373 ICOUNT:69 IHITRATE: 55.9 DHITRATE: 0
/u/s/i/sinclair/courses/cs552/spring2019/handouts/testprograms/public/rand_final/t_110_idcache.asm SUCCESS CPI:4.4 CYCLES:652 ICOUNT:147 IHITRATE: 67.7 DHITRATE: 17.6
/u/s/i/sinclair/courses/cs552/spring2019/handouts/testprograms/public/rand_final/t_110_mem.asm SUCCESS CPI:3.8 CYCLES:2589 ICOUNT:678 IHITRATE: 76.6 DHITRATE: 94.8
/u/s/i/sinclair/courses/cs552/spring2019/handouts/testprograms/public/rand_final/t_111_all.asm SUCCESS CPI:3.9 CYCLES:1465 ICOUNT:377 IHITRATE: 69.0 DHITRATE: 73.7
/u/s/i/sinclair/courses/cs552/spring2019/handouts/testprograms/public/rand_final/t_111_ctrl.asm SUCCESS CPI:3.5 CYCLES:1873 ICOUNT:542 IHITRATE: 72.8 DHITRATE: 73.5
/u/s/i/sinclair/courses/cs552/spring2019/handouts/testprograms/public/rand_final/t_111_icache.asm SUCCESS CPI:19.5 CYCLES:292 ICOUNT:15 IHITRATE: 20.5 DHITRATE: 0
/u/s/i/sinclair/courses/cs552/spring2019/handouts/testprograms/public/rand_final/t_111_idcache.asm SUCCESS CPI:5.4 CYCLES:515 ICOUNT:96 IHITRATE: 63.7 DHITRATE: 13.3
/u/s/i/sinclair/courses/cs552/spring2019/handouts/testprograms/public/rand_final/t_111_mem.asm SUCCESS CPI:4.0 CYCLES:2693 ICOUNT:680 IHITRATE: 78.4 DHITRATE: 91.9
/u/s/i/sinclair/courses/cs552/spring2019/handouts/testprograms/public/rand_final/t_112_all.asm SUCCESS CPI:3.8 CYCLES:1343 ICOUNT:354 IHITRATE: 70.2 DHITRATE: 62.1
/u/s/i/sinclair/courses/cs552/spring2019/handouts/testprograms/public/rand_final/t_112_ctrl.asm SUCCESS CPI:3.6 CYCLES:1872 ICOUNT:523 IHITRATE: 72.0 DHITRATE: 63.4
/u/s/i/sinclair/courses/cs552/spring2019/handouts/testprograms/public/rand_final/t_112_icache.asm SUCCESS CPI:4.7 CYCLES:285 ICOUNT:60 IHITRATE: 59.7 DHITRATE: 0
/u/s/i/sinclair/courses/cs552/spring2019/handouts/testprograms/public/rand_final/t_112_idcache.asm SUCCESS CPI:6.6 CYCLES:449 ICOUNT:68 IHITRATE: 59.0 DHITRATE: 30.0
/u/s/i/sinclair/courses/cs552/spring2019/handouts/testprograms/public/rand_final/t_112_mem.asm SUCCESS CPI:4.0 CYCLES:2664 ICOUNT:670 IHITRATE: 77.2 DHITRATE: 95.5
/u/s/i/sinclair/courses/cs552/spring2019/handouts/testprograms/public/rand_final/t_113_all.asm SUCCESS CPI:3.7 CYCLES:1207 ICOUNT:325 IHITRATE: 70.4 DHITRATE: 77.1
/u/s/i/sinclair/courses/cs552/spring2019/handouts/testprograms/public/rand_final/t_113_ctrl.asm SUCCESS CPI:3.9 CYCLES:1812 ICOUNT:467 IHITRATE: 70.5 DHITRATE: 73.5
/u/s/i/sinclair/courses/cs552/spring2019/handouts/testprograms/public/rand_final/t_113_icache.asm SUCCESS CPI:8.4 CYCLES:452 ICOUNT:54 IHITRATE: 44.7 DHITRATE: 0
/u/s/i/sinclair/courses/cs552/spring2019/handouts/testprograms/public/rand_final/t_113_idcache.asm SUCCESS CPI:4.5 CYCLES:623 ICOUNT:139 IHITRATE: 64.2 DHITRATE: 26.7
/u/s/i/sinclair/courses/cs552/spring2019/handouts/testprograms/public/rand_final/t_113_mem.asm SUCCESS CPI:3.9 CYCLES:2665 ICOUNT:678 IHITRATE: 77.8 DHITRATE: 93.8
/u/s/i/sinclair/courses/cs552/spring2019/handouts/testprograms/public/rand_final/t_114_all.asm SUCCESS CPI:3.3 CYCLES:1887 ICOUNT:578 IHITRATE: 72.8 DHITRATE: 72.5
/u/s/i/sinclair/courses/cs552/spring2019/handouts/testprograms/public/rand_final/t_114_ctrl.asm SUCCESS CPI:3.4 CYCLES:2060 ICOUNT:603 IHITRATE: 72.2 DHITRATE: 85.7
/u/s/i/sinclair/courses/cs552/spring2019/handouts/testprograms/public/rand_final/t_114_icache.asm SUCCESS CPI:8.6 CYCLES:335 ICOUNT:39 IHITRATE: 44.9 DHITRATE: 0
/u/s/i/sinclair/courses/cs552/spring2019/handouts/testprograms/public/rand_final/t_114_idcache.asm SUCCESS CPI:4.8 CYCLES:504 ICOUNT:105 IHITRATE: 63.0 DHITRATE: 18.2
/u/s/i/sinclair/courses/cs552/spring2019/handouts/testprograms/public/rand_final/t_114_mem.asm SUCCESS CPI:3.8 CYCLES:2637 ICOUNT:689 IHITRATE: 77.4 DHITRATE: 92.9
/u/s/i/sinclair/courses/cs552/spring2019/handouts/testprograms/public/rand_final/t_115_all.asm SUCCESS CPI:3.6 CYCLES:1547 ICOUNT:434 IHITRATE: 71.3 DHITRATE: 77.8
/u/s/i/sinclair/courses/cs552/spring2019/handouts/testprograms/public/rand_final/t_115_ctrl.asm SUCCESS CPI:3.7 CYCLES:1825 ICOUNT:487 IHITRATE: 72.1 DHITRATE: 73.3
/u/s/i/sinclair/courses/cs552/spring2019/handouts/testprograms/public/rand_final/t_115_icache.asm SUCCESS CPI:9.2 CYCLES:276 ICOUNT:30 IHITRATE: 40.7 DHITRATE: 0
/u/s/i/sinclair/courses/cs552/spring2019/handouts/testprograms/public/rand_final/t_115_idcache.asm SUCCESS CPI:6.6 CYCLES:456 ICOUNT:69 IHITRATE: 58.6 DHITRATE: 25.0
/u/s/i/sinclair/courses/cs552/spring2019/handouts/testprograms/public/rand_final/t_115_mem.asm SUCCESS CPI:4.0 CYCLES:2577 ICOUNT:651 IHITRATE: 76.8 DHITRATE: 95.9
/u/s/i/sinclair/courses/cs552/spring2019/handouts/testprograms/public/rand_final/t_116_all.asm SUCCESS CPI:3.3 CYCLES:1852 ICOUNT:555 IHITRATE: 72.8 DHITRATE: 75.0
/u/s/i/sinclair/courses/cs552/spring2019/handouts/testprograms/public/rand_final/t_116_ctrl.asm SUCCESS CPI:3.3 CYCLES:1981 ICOUNT:596 IHITRATE: 73.6 DHITRATE: 75.8
/u/s/i/sinclair/courses/cs552/spring2019/handouts/testprograms/public/rand_final/t_116_icache.asm SUCCESS CPI:28.4 CYCLES:256 ICOUNT:9 IHITRATE: 11.4 DHITRATE: 0
/u/s/i/sinclair/courses/cs552/spring2019/handouts/testprograms/public/rand_final/t_116_idcache.asm SUCCESS CPI:4.8 CYCLES:618 ICOUNT:130 IHITRATE: 62.0 DHITRATE: 43.8
/u/s/i/sinclair/courses/cs552/spring2019/handouts/testprograms/public/rand_final/t_116_mem.asm SUCCESS CPI:4.0 CYCLES:2660 ICOUNT:660 IHITRATE: 79.1 DHITRATE: 89.2
/u/s/i/sinclair/courses/cs552/spring2019/handouts/testprograms/public/rand_final/t_117_all.asm SUCCESS CPI:3.6 CYCLES:1618 ICOUNT:445 IHITRATE: 73.6 DHITRATE: 66.0
/u/s/i/sinclair/courses/cs552/spring2019/handouts/testprograms/public/rand_final/t_117_ctrl.asm SUCCESS CPI:3.6 CYCLES:1869 ICOUNT:521 IHITRATE: 71.6 DHITRATE: 69.6
/u/s/i/sinclair/courses/cs552/spring2019/handouts/testprograms/public/rand_final/t_117_icache.asm SUCCESS CPI:11.6 CYCLES:267 ICOUNT:23 IHITRATE: 38.8 DHITRATE: 0
/u/s/i/sinclair/courses/cs552/spring2019/handouts/testprograms/public/rand_final/t_117_idcache.asm SUCCESS CPI:7.0 CYCLES:662 ICOUNT:94 IHITRATE: 57.0 DHITRATE: 29.6
/u/s/i/sinclair/courses/cs552/spring2019/handouts/testprograms/public/rand_final/t_117_mem.asm SUCCESS CPI:3.9 CYCLES:2680 ICOUNT:680 IHITRATE: 77.7 DHITRATE: 91.2
/u/s/i/sinclair/courses/cs552/spring2019/handouts/testprograms/public/rand_final/t_118_all.asm SUCCESS CPI:3.6 CYCLES:1784 ICOUNT:496 IHITRATE: 72.7 DHITRATE: 70.2
/u/s/i/sinclair/courses/cs552/spring2019/handouts/testprograms/public/rand_final/t_118_ctrl.asm SUCCESS CPI:3.7 CYCLES:1832 ICOUNT:501 IHITRATE: 72.0 DHITRATE: 62.9
/u/s/i/sinclair/courses/cs552/spring2019/handouts/testprograms/public/rand_final/t_118_icache.asm SUCCESS CPI:16.3 CYCLES:229 ICOUNT:14 IHITRATE: 27.0 DHITRATE: 0
/u/s/i/sinclair/courses/cs552/spring2019/handouts/testprograms/public/rand_final/t_118_idcache.asm SUCCESS CPI:6.4 CYCLES:517 ICOUNT:81 IHITRATE: 58.4 DHITRATE: 20.0
/u/s/i/sinclair/courses/cs552/spring2019/handouts/testprograms/public/rand_final/t_118_mem.asm SUCCESS CPI:4.0 CYCLES:2632 ICOUNT:654 IHITRATE: 77.3 DHITRATE: 94.8
/u/s/i/sinclair/courses/cs552/spring2019/handouts/testprograms/public/rand_final/t_119_all.asm SUCCESS CPI:3.6 CYCLES:1456 ICOUNT:402 IHITRATE: 71.7 DHITRATE: 69.4
/u/s/i/sinclair/courses/cs552/spring2019/handouts/testprograms/public/rand_final/t_119_ctrl.asm SUCCESS CPI:3.5 CYCLES:1906 ICOUNT:547 IHITRATE: 72.2 DHITRATE: 71.1
/u/s/i/sinclair/courses/cs552/spring2019/handouts/testprograms/public/rand_final/t_119_icache.asm SUCCESS CPI:5.6 CYCLES:285 ICOUNT:51 IHITRATE: 52.2 DHITRATE: 0
/u/s/i/sinclair/courses/cs552/spring2019/handouts/testprograms/public/rand_final/t_119_idcache.asm SUCCESS CPI:5.4 CYCLES:424 ICOUNT:79 IHITRATE: 65.5 DHITRATE: 12.5
/u/s/i/sinclair/courses/cs552/spring2019/handouts/testprograms/public/rand_final/t_119_mem.asm SUCCESS CPI:4.0 CYCLES:2688 ICOUNT:674 IHITRATE: 78.0 DHITRATE: 90.9
/u/s/i/sinclair/courses/cs552/spring2019/handouts/testprograms/public/rand_final/t_11_mem.asm SUCCESS CPI:4.0 CYCLES:2682 ICOUNT:677 IHITRATE: 78.0 DHITRATE: 91.5
/u/s/i/sinclair/courses/cs552/spring2019/handouts/testprograms/public/rand_final/t_120_all.asm SUCCESS CPI:3.8 CYCLES:1441 ICOUNT:378 IHITRATE: 69.1 DHITRATE: 80.8
/u/s/i/sinclair/courses/cs552/spring2019/handouts/testprograms/public/rand_final/t_120_ctrl.asm SUCCESS CPI:3.5 CYCLES:1849 ICOUNT:531 IHITRATE: 71.0 DHITRATE: 71.8
/u/s/i/sinclair/courses/cs552/spring2019/handouts/testprograms/public/rand_final/t_120_icache.asm SUCCESS CPI:4.9 CYCLES:454 ICOUNT:92 IHITRATE: 58.3 DHITRATE: 0
/u/s/i/sinclair/courses/cs552/spring2019/handouts/testprograms/public/rand_final/t_120_idcache.asm SUCCESS CPI:5.3 CYCLES:587 ICOUNT:110 IHITRATE: 60.8 DHITRATE: 35.7
/u/s/i/sinclair/courses/cs552/spring2019/handouts/testprograms/public/rand_final/t_120_mem.asm SUCCESS CPI:3.9 CYCLES:2638 ICOUNT:670 IHITRATE: 77.0 DHITRATE: 93.5
/u/s/i/sinclair/courses/cs552/spring2019/handouts/testprograms/public/rand_final/t_121_all.asm SUCCESS CPI:3.9 CYCLES:1207 ICOUNT:313 IHITRATE: 69.7 DHITRATE: 65.2
/u/s/i/sinclair/courses/cs552/spring2019/handouts/testprograms/public/rand_final/t_122_all.asm SUCCESS CPI:3.7 CYCLES:1191 ICOUNT:319 IHITRATE: 70.7 DHITRATE: 69.2
/u/s/i/sinclair/courses/cs552/spring2019/handouts/testprograms/public/rand_final/t_123_all.asm SUCCESS CPI:3.5 CYCLES:1713 ICOUNT:490 IHITRATE: 71.5 DHITRATE: 63.2
/u/s/i/sinclair/courses/cs552/spring2019/handouts/testprograms/public/rand_final/t_124_all.asm SUCCESS CPI:3.4 CYCLES:1222 ICOUNT:355 IHITRATE: 72.5 DHITRATE: 65.4
/u/s/i/sinclair/courses/cs552/spring2019/handouts/testprograms/public/rand_final/t_125_all.asm SUCCESS CPI:3.8 CYCLES:1815 ICOUNT:479 IHITRATE: 73.2 DHITRATE: 55.2
/u/s/i/sinclair/courses/cs552/spring2019/handouts/testprograms/public/rand_final/t_126_all.asm SUCCESS CPI:3.4 CYCLES:2039 ICOUNT:595 IHITRATE: 74.1 DHITRATE: 55.8
/u/s/i/sinclair/courses/cs552/spring2019/handouts/testprograms/public/rand_final/t_127_all.asm SUCCESS CPI:3.5 CYCLES:1548 ICOUNT:444 IHITRATE: 72.1 DHITRATE: 72.7
/u/s/i/sinclair/courses/cs552/spring2019/handouts/testprograms/public/rand_final/t_128_all.asm SUCCESS CPI:3.8 CYCLES:1581 ICOUNT:420 IHITRATE: 70.0 DHITRATE: 64.5
/u/s/i/sinclair/courses/cs552/spring2019/handouts/testprograms/public/rand_final/t_129_all.asm SUCCESS CPI:3.7 CYCLES:1555 ICOUNT:416 IHITRATE: 73.1 DHITRATE: 70.8
/u/s/i/sinclair/courses/cs552/spring2019/handouts/testprograms/public/rand_final/t_12_mem.asm SUCCESS CPI:4.0 CYCLES:2618 ICOUNT:650 IHITRATE: 77.0 DHITRATE: 94.9
/u/s/i/sinclair/courses/cs552/spring2019/handouts/testprograms/public/rand_final/t_130_all.asm SUCCESS CPI:3.2 CYCLES:1963 ICOUNT:610 IHITRATE: 73.5 DHITRATE: 70.9
/u/s/i/sinclair/courses/cs552/spring2019/handouts/testprograms/public/rand_final/t_131_all.asm SUCCESS CPI:3.4 CYCLES:1812 ICOUNT:532 IHITRATE: 72.6 DHITRATE: 83.3
/u/s/i/sinclair/courses/cs552/spring2019/handouts/testprograms/public/rand_final/t_132_all.asm SUCCESS CPI:3.4 CYCLES:1596 ICOUNT:464 IHITRATE: 72.3 DHITRATE: 63.9
/u/s/i/sinclair/courses/cs552/spring2019/handouts/testprograms/public/rand_final/t_133_all.asm SUCCESS CPI:3.4 CYCLES:1503 ICOUNT:437 IHITRATE: 73.5 DHITRATE: 61.5
/u/s/i/sinclair/courses/cs552/spring2019/handouts/testprograms/public/rand_final/t_134_all.asm SUCCESS CPI:3.4 CYCLES:1580 ICOUNT:469 IHITRATE: 73.2 DHITRATE: 68.2
/u/s/i/sinclair/courses/cs552/spring2019/handouts/testprograms/public/rand_final/t_135_all.asm SUCCESS CPI:3.3 CYCLES:1960 ICOUNT:592 IHITRATE: 73.2 DHITRATE: 65.4
/u/s/i/sinclair/courses/cs552/spring2019/handouts/testprograms/public/rand_final/t_136_all.asm SUCCESS CPI:3.6 CYCLES:1475 ICOUNT:406 IHITRATE: 71.6 DHITRATE: 69.2
/u/s/i/sinclair/courses/cs552/spring2019/handouts/testprograms/public/rand_final/t_137_all.asm SUCCESS CPI:3.3 CYCLES:1762 ICOUNT:531 IHITRATE: 72.8 DHITRATE: 65.8
/u/s/i/sinclair/courses/cs552/spring2019/handouts/testprograms/public/rand_final/t_138_all.asm SUCCESS CPI:3.4 CYCLES:2034 ICOUNT:605 IHITRATE: 72.3 DHITRATE: 73.7
/u/s/i/sinclair/courses/cs552/spring2019/handouts/testprograms/public/rand_final/t_139_all.asm SUCCESS CPI:3.8 CYCLES:1368 ICOUNT:361 IHITRATE: 69.7 DHITRATE: 52.2
/u/s/i/sinclair/courses/cs552/spring2019/handouts/testprograms/public/rand_final/t_13_mem.asm SUCCESS CPI:3.9 CYCLES:2639 ICOUNT:679 IHITRATE: 77.0 DHITRATE: 94.9
/u/s/i/sinclair/courses/cs552/spring2019/handouts/testprograms/public/rand_final/t_140_all.asm SUCCESS CPI:3.5 CYCLES:1382 ICOUNT:396 IHITRATE: 72.2 DHITRATE: 64.5
/u/s/i/sinclair/courses/cs552/spring2019/handouts/testprograms/public/rand_final/t_141_all.asm SUCCESS CPI:3.3 CYCLES:1593 ICOUNT:479 IHITRATE: 73.3 DHITRATE: 84.4
/u/s/i/sinclair/courses/cs552/spring2019/handouts/testprograms/public/rand_final/t_142_all.asm SUCCESS CPI:3.5 CYCLES:1347 ICOUNT:388 IHITRATE: 71.9 DHITRATE: 73.3
/u/s/i/sinclair/courses/cs552/spring2019/handouts/testprograms/public/rand_final/t_143_all.asm SUCCESS CPI:3.3 CYCLES:1642 ICOUNT:503 IHITRATE: 73.2 DHITRATE: 70.6
/u/s/i/sinclair/courses/cs552/spring2019/handouts/testprograms/public/rand_final/t_144_all.asm SUCCESS CPI:3.8 CYCLES:1581 ICOUNT:421 IHITRATE: 72.1 DHITRATE: 56.7
/u/s/i/sinclair/courses/cs552/spring2019/handouts/testprograms/public/rand_final/t_145_all.asm SUCCESS CPI:3.5 CYCLES:1495 ICOUNT:430 IHITRATE: 72.7 DHITRATE: 63.9
/u/s/i/sinclair/courses/cs552/spring2019/handouts/testprograms/public/rand_final/t_146_all.asm SUCCESS CPI:3.4 CYCLES:2013 ICOUNT:597 IHITRATE: 73.1 DHITRATE: 73.7
/u/s/i/sinclair/courses/cs552/spring2019/handouts/testprograms/public/rand_final/t_147_all.asm SUCCESS CPI:3.4 CYCLES:1490 ICOUNT:438 IHITRATE: 72.2 DHITRATE: 73.3
/u/s/i/sinclair/courses/cs552/spring2019/handouts/testprograms/public/rand_final/t_148_all.asm SUCCESS CPI:3.5 CYCLES:1562 ICOUNT:443 IHITRATE: 72.3 DHITRATE: 73.2
/u/s/i/sinclair/courses/cs552/spring2019/handouts/testprograms/public/rand_final/t_149_all.asm SUCCESS CPI:3.4 CYCLES:1513 ICOUNT:443 IHITRATE: 73.2 DHITRATE: 64.3
/u/s/i/sinclair/courses/cs552/spring2019/handouts/testprograms/public/rand_final/t_14_mem.asm SUCCESS CPI:4.1 CYCLES:2640 ICOUNT:646 IHITRATE: 77.5 DHITRATE: 92.8
/u/s/i/sinclair/courses/cs552/spring2019/handouts/testprograms/public/rand_final/t_150_all.asm SUCCESS CPI:3.6 CYCLES:1741 ICOUNT:489 IHITRATE: 70.7 DHITRATE: 75.0
/u/s/i/sinclair/courses/cs552/spring2019/handouts/testprograms/public/rand_final/t_15_mem.asm SUCCESS CPI:3.9 CYCLES:2625 ICOUNT:671 IHITRATE: 77.2 DHITRATE: 94.4
/u/s/i/sinclair/courses/cs552/spring2019/handouts/testprograms/public/rand_final/t_16_mem.asm SUCCESS CPI:3.9 CYCLES:2589 ICOUNT:656 IHITRATE: 77.3 DHITRATE: 94.9
/u/s/i/sinclair/courses/cs552/spring2019/handouts/testprograms/public/rand_final/t_17_mem.asm SUCCESS CPI:3.9 CYCLES:2671 ICOUNT:686 IHITRATE: 77.3 DHITRATE: 94.0
/u/s/i/sinclair/courses/cs552/spring2019/handouts/testprograms/public/rand_final/t_18_mem.asm SUCCESS CPI:4.0 CYCLES:2652 ICOUNT:671 IHITRATE: 77.5 DHITRATE: 92.6
/u/s/i/sinclair/courses/cs552/spring2019/handouts/testprograms/public/rand_final/t_19_mem.asm SUCCESS CPI:3.9 CYCLES:2612 ICOUNT:673 IHITRATE: 77.1 DHITRATE: 93.1
