/u/s/i/sinclair/courses/cs552/spring2019/handouts/testprograms/public/rand_ldst/ldld.asm SUCCESS CPI:3.6 CYCLES:211 ICOUNT:58 IHITRATE: 96.3 DHITRATE: 72.7
/u/s/i/sinclair/courses/cs552/spring2019/handouts/testprograms/public/rand_ldst/ldld_rand_large.asm FAILED
/u/s/i/sinclair/courses/cs552/spring2019/handouts/testprograms/public/rand_ldst/ldld_rand_large_1.asm FAILED
/u/s/i/sinclair/courses/cs552/spring2019/handouts/testprograms/public/rand_ldst/ldld_rand_large_2.asm FAILED
/u/s/i/sinclair/courses/cs552/spring2019/handouts/testprograms/public/rand_ldst/ldld_rand_large_3.asm FAILED
/u/s/i/sinclair/courses/cs552/spring2019/handouts/testprograms/public/rand_ldst/ldld_rand_large_4.asm FAILED
/u/s/i/sinclair/courses/cs552/spring2019/handouts/testprograms/public/rand_ldst/ldld_rand_large_5.asm FAILED
/u/s/i/sinclair/courses/cs552/spring2019/handouts/testprograms/public/rand_ldst/ldld_rand_large_6.asm FAILED
/u/s/i/sinclair/courses/cs552/spring2019/handouts/testprograms/public/rand_ldst/ldld_rand_large_7.asm FAILED
/u/s/i/sinclair/courses/cs552/spring2019/handouts/testprograms/public/rand_ldst/ldld_rand_large_8.asm FAILED
/u/s/i/sinclair/courses/cs552/spring2019/handouts/testprograms/public/rand_ldst/ldld_rand_large_9.asm FAILED
/u/s/i/sinclair/courses/cs552/spring2019/handouts/testprograms/public/rand_ldst/ldld_rand_small.asm FAILED
/u/s/i/sinclair/courses/cs552/spring2019/handouts/testprograms/public/rand_ldst/ldld_rand_small_1.asm FAILED
/u/s/i/sinclair/courses/cs552/spring2019/handouts/testprograms/public/rand_ldst/ldld_rand_small_2.asm FAILED
/u/s/i/sinclair/courses/cs552/spring2019/handouts/testprograms/public/rand_ldst/ldld_rand_small_3.asm FAILED
/u/s/i/sinclair/courses/cs552/spring2019/handouts/testprograms/public/rand_ldst/ldld_rand_small_4.asm FAILED
/u/s/i/sinclair/courses/cs552/spring2019/handouts/testprograms/public/rand_ldst/ldld_rand_small_5.asm FAILED
/u/s/i/sinclair/courses/cs552/spring2019/handouts/testprograms/public/rand_ldst/ldld_rand_small_6.asm FAILED
/u/s/i/sinclair/courses/cs552/spring2019/handouts/testprograms/public/rand_ldst/ldld_rand_small_7.asm RELAX-PASS
/u/s/i/sinclair/courses/cs552/spring2019/handouts/testprograms/public/rand_ldst/ldld_rand_small_8.asm FAILED
/u/s/i/sinclair/courses/cs552/spring2019/handouts/testprograms/public/rand_ldst/ldld_rand_small_9.asm FAILED
/u/s/i/sinclair/courses/cs552/spring2019/handouts/testprograms/public/rand_ldst/ldst.asm SUCCESS CPI:2.6 CYCLES:270 ICOUNT:102 IHITRATE: 97.7 DHITRATE: 86.4
/u/s/i/sinclair/courses/cs552/spring2019/handouts/testprograms/public/rand_ldst/ldst_rand_large.asm FAILED
/u/s/i/sinclair/courses/cs552/spring2019/handouts/testprograms/public/rand_ldst/ldst_rand_large_1.asm RELAX-PASS
/u/s/i/sinclair/courses/cs552/spring2019/handouts/testprograms/public/rand_ldst/ldst_rand_large_2.asm RELAX-PASS
/u/s/i/sinclair/courses/cs552/spring2019/handouts/testprograms/public/rand_ldst/ldst_rand_large_3.asm FAILED
/u/s/i/sinclair/courses/cs552/spring2019/handouts/testprograms/public/rand_ldst/ldst_rand_large_4.asm RELAX-PASS
/u/s/i/sinclair/courses/cs552/spring2019/handouts/testprograms/public/rand_ldst/ldst_rand_large_5.asm RELAX-PASS
/u/s/i/sinclair/courses/cs552/spring2019/handouts/testprograms/public/rand_ldst/ldst_rand_large_6.asm FAILED
/u/s/i/sinclair/courses/cs552/spring2019/handouts/testprograms/public/rand_ldst/ldst_rand_large_7.asm FAILED
/u/s/i/sinclair/courses/cs552/spring2019/handouts/testprograms/public/rand_ldst/ldst_rand_large_8.asm FAILED
/u/s/i/sinclair/courses/cs552/spring2019/handouts/testprograms/public/rand_ldst/ldst_rand_large_9.asm FAILED
/u/s/i/sinclair/courses/cs552/spring2019/handouts/testprograms/public/rand_ldst/ldst_rand_small.asm RELAX-PASS
/u/s/i/sinclair/courses/cs552/spring2019/handouts/testprograms/public/rand_ldst/ldst_rand_small_1.asm FAILED
/u/s/i/sinclair/courses/cs552/spring2019/handouts/testprograms/public/rand_ldst/ldst_rand_small_2.asm FAILED
/u/s/i/sinclair/courses/cs552/spring2019/handouts/testprograms/public/rand_ldst/ldst_rand_small_3.asm FAILED
/u/s/i/sinclair/courses/cs552/spring2019/handouts/testprograms/public/rand_ldst/ldst_rand_small_4.asm FAILED
/u/s/i/sinclair/courses/cs552/spring2019/handouts/testprograms/public/rand_ldst/ldst_rand_small_5.asm FAILED
/u/s/i/sinclair/courses/cs552/spring2019/handouts/testprograms/public/rand_ldst/ldst_rand_small_6.asm FAILED
/u/s/i/sinclair/courses/cs552/spring2019/handouts/testprograms/public/rand_ldst/ldst_rand_small_7.asm FAILED
/u/s/i/sinclair/courses/cs552/spring2019/handouts/testprograms/public/rand_ldst/ldst_rand_small_8.asm FAILED
/u/s/i/sinclair/courses/cs552/spring2019/handouts/testprograms/public/rand_ldst/ldst_rand_small_9.asm FAILED
/u/s/i/sinclair/courses/cs552/spring2019/handouts/testprograms/public/rand_ldst/rpt_ld_test_0.asm SUCCESS CPI:3.6 CYCLES:36 ICOUNT:10 IHITRATE: 76.9 DHITRATE: 85.7
/u/s/i/sinclair/courses/cs552/spring2019/handouts/testprograms/public/rand_ldst/rpt_ld_test_1.asm SUCCESS CPI:6.3 CYCLES:44 ICOUNT:7 IHITRATE: 66.7 DHITRATE: 75.0
/u/s/i/sinclair/courses/cs552/spring2019/handouts/testprograms/public/rand_ldst/rpt_reg_test_0.asm SUCCESS CPI:3.8 CYCLES:34 ICOUNT:9 IHITRATE: 75.0 DHITRATE: 0
/u/s/i/sinclair/courses/cs552/spring2019/handouts/testprograms/public/rand_ldst/rpt_reg_test_1.asm SUCCESS CPI:6.3 CYCLES:44 ICOUNT:7 IHITRATE: 66.7 DHITRATE: 0
/u/s/i/sinclair/courses/cs552/spring2019/handouts/testprograms/public/rand_ldst/rpt_st_test_0.asm SUCCESS CPI:4.1 CYCLES:37 ICOUNT:9 IHITRATE: 78.6 DHITRATE: 85.7
/u/s/i/sinclair/courses/cs552/spring2019/handouts/testprograms/public/rand_ldst/rpt_st_test_1.asm SUCCESS CPI:7.5 CYCLES:45 ICOUNT:6 IHITRATE: 69.2 DHITRATE: 75.0

