/u/s/i/sinclair/courses/cs552/spring2019/handouts/testprograms/public/rand_simple/t_1_add.asm SUCCESS CPI:3.3 CYCLES:108 ICOUNT:33 IHITRATE: 82.0 DHITRATE: 0
/u/s/i/sinclair/courses/cs552/spring2019/handouts/testprograms/public/rand_simple/t_1_addi.asm SUCCESS CPI:3.2 CYCLES:106 ICOUNT:33 IHITRATE: 81.2 DHITRATE: 0
/u/s/i/sinclair/courses/cs552/spring2019/handouts/testprograms/public/rand_simple/t_1_andn.asm SUCCESS CPI:3.3 CYCLES:110 ICOUNT:33 IHITRATE: 82.7 DHITRATE: 0
/u/s/i/sinclair/courses/cs552/spring2019/handouts/testprograms/public/rand_simple/t_1_andni.asm SUCCESS CPI:3.2 CYCLES:104 ICOUNT:33 IHITRATE: 80.4 DHITRATE: 0
/u/s/i/sinclair/courses/cs552/spring2019/handouts/testprograms/public/rand_simple/t_1_beqz.asm SUCCESS CPI:40.6 CYCLES:771 ICOUNT:19 IHITRATE: 75.2 DHITRATE: 0
/u/s/i/sinclair/courses/cs552/spring2019/handouts/testprograms/public/rand_simple/t_1_bgez.asm SUCCESS CPI:29.6 CYCLES:563 ICOUNT:19 IHITRATE: 73.6 DHITRATE: 0
/u/s/i/sinclair/courses/cs552/spring2019/handouts/testprograms/public/rand_simple/t_1_bltz.asm SUCCESS CPI:38.4 CYCLES:730 ICOUNT:19 IHITRATE: 75.2 DHITRATE: 0
/u/s/i/sinclair/courses/cs552/spring2019/handouts/testprograms/public/rand_simple/t_1_bnez.asm SUCCESS CPI:32.4 CYCLES:615 ICOUNT:19 IHITRATE: 73.7 DHITRATE: 0
/u/s/i/sinclair/courses/cs552/spring2019/handouts/testprograms/public/rand_simple/t_1_btr.asm SUCCESS CPI:4.3 CYCLES:142 ICOUNT:33 IHITRATE: 78.3 DHITRATE: 0
/u/s/i/sinclair/courses/cs552/spring2019/handouts/testprograms/public/rand_simple/t_1_j.asm SUCCESS CPI:140.6 CYCLES:142 ICOUNT:1 IHITRATE: 15.0 DHITRATE: 0
/u/s/i/sinclair/courses/cs552/spring2019/handouts/testprograms/public/rand_simple/t_1_jal.asm SUCCESS CPI:7.6 CYCLES:130 ICOUNT:17 IHITRATE: 21.1 DHITRATE: 0
/u/s/i/sinclair/courses/cs552/spring2019/handouts/testprograms/public/rand_simple/t_1_jalr.asm SUCCESS CPI:6.3 CYCLES:410 ICOUNT:65 IHITRATE: 68.3 DHITRATE: 0
/u/s/i/sinclair/courses/cs552/spring2019/handouts/testprograms/public/rand_simple/t_1_jr.asm SUCCESS CPI:6.1 CYCLES:398 ICOUNT:65 IHITRATE: 69.1 DHITRATE: 0
/u/s/i/sinclair/courses/cs552/spring2019/handouts/testprograms/public/rand_simple/t_1_lbi.asm SUCCESS CPI:3.1 CYCLES:102 ICOUNT:33 IHITRATE: 79.5 DHITRATE: 0
/u/s/i/sinclair/courses/cs552/spring2019/handouts/testprograms/public/rand_simple/t_1_ld.asm SUCCESS CPI:4.1 CYCLES:200 ICOUNT:49 IHITRATE: 89.0 DHITRATE: 37.5
/u/s/i/sinclair/courses/cs552/spring2019/handouts/testprograms/public/rand_simple/t_1_rol.asm SUCCESS CPI:3.2 CYCLES:106 ICOUNT:33 IHITRATE: 81.2 DHITRATE: 0
/u/s/i/sinclair/courses/cs552/spring2019/handouts/testprograms/public/rand_simple/t_1_roli.asm SUCCESS CPI:3.2 CYCLES:107 ICOUNT:33 IHITRATE: 81.6 DHITRATE: 0
/u/s/i/sinclair/courses/cs552/spring2019/handouts/testprograms/public/rand_simple/t_1_ror.asm SUCCESS CPI:3.3 CYCLES:110 ICOUNT:33 IHITRATE: 82.7 DHITRATE: 0
/u/s/i/sinclair/courses/cs552/spring2019/handouts/testprograms/public/rand_simple/t_1_rori.asm SUCCESS CPI:3.2 CYCLES:105 ICOUNT:33 IHITRATE: 80.9 DHITRATE: 0
/u/s/i/sinclair/courses/cs552/spring2019/handouts/testprograms/public/rand_simple/t_1_sco.asm SUCCESS CPI:3.2 CYCLES:107 ICOUNT:33 IHITRATE: 81.6 DHITRATE: 0
/u/s/i/sinclair/courses/cs552/spring2019/handouts/testprograms/public/rand_simple/t_1_seq.asm SUCCESS CPI:3.2 CYCLES:104 ICOUNT:33 IHITRATE: 80.4 DHITRATE: 0
/u/s/i/sinclair/courses/cs552/spring2019/handouts/testprograms/public/rand_simple/t_1_slbi.asm SUCCESS CPI:3.2 CYCLES:104 ICOUNT:33 IHITRATE: 80.4 DHITRATE: 0
/u/s/i/sinclair/courses/cs552/spring2019/handouts/testprograms/public/rand_simple/t_1_sle.asm SUCCESS CPI:3.2 CYCLES:107 ICOUNT:33 IHITRATE: 81.6 DHITRATE: 0
/u/s/i/sinclair/courses/cs552/spring2019/handouts/testprograms/public/rand_simple/t_1_sll.asm SUCCESS CPI:3.2 CYCLES:105 ICOUNT:33 IHITRATE: 80.9 DHITRATE: 0
/u/s/i/sinclair/courses/cs552/spring2019/handouts/testprograms/public/rand_simple/t_1_slli.asm SUCCESS CPI:3.2 CYCLES:104 ICOUNT:33 IHITRATE: 80.4 DHITRATE: 0
/u/s/i/sinclair/courses/cs552/spring2019/handouts/testprograms/public/rand_simple/t_1_slt.asm SUCCESS CPI:3.3 CYCLES:110 ICOUNT:33 IHITRATE: 82.7 DHITRATE: 0
/u/s/i/sinclair/courses/cs552/spring2019/handouts/testprograms/public/rand_simple/t_1_srl.asm SUCCESS CPI:3.3 CYCLES:108 ICOUNT:33 IHITRATE: 82.0 DHITRATE: 0
/u/s/i/sinclair/courses/cs552/spring2019/handouts/testprograms/public/rand_simple/t_1_srli.asm SUCCESS CPI:3.2 CYCLES:104 ICOUNT:33 IHITRATE: 80.4 DHITRATE: 0
/u/s/i/sinclair/courses/cs552/spring2019/handouts/testprograms/public/rand_simple/t_1_st.asm SUCCESS CPI:4.3 CYCLES:213 ICOUNT:49 IHITRATE: 90.1 DHITRATE: 31.2
/u/s/i/sinclair/courses/cs552/spring2019/handouts/testprograms/public/rand_simple/t_1_stu.asm SUCCESS CPI:3.6 CYCLES:233 ICOUNT:65 IHITRATE: 91.4 DHITRATE: 18.8
/u/s/i/sinclair/courses/cs552/spring2019/handouts/testprograms/public/rand_simple/t_1_sub.asm SUCCESS CPI:3.1 CYCLES:102 ICOUNT:33 IHITRATE: 79.5 DHITRATE: 0
/u/s/i/sinclair/courses/cs552/spring2019/handouts/testprograms/public/rand_simple/t_1_subi.asm SUCCESS CPI:3.2 CYCLES:107 ICOUNT:33 IHITRATE: 81.6 DHITRATE: 0
/u/s/i/sinclair/courses/cs552/spring2019/handouts/testprograms/public/rand_simple/t_1_xor.asm SUCCESS CPI:3.2 CYCLES:107 ICOUNT:33 IHITRATE: 81.6 DHITRATE: 0
/u/s/i/sinclair/courses/cs552/spring2019/handouts/testprograms/public/rand_simple/t_1_xori.asm SUCCESS CPI:3.1 CYCLES:103 ICOUNT:33 IHITRATE: 80.0 DHITRATE: 0
/u/s/i/sinclair/courses/cs552/spring2019/handouts/testprograms/public/rand_simple/t_2_add.asm SUCCESS CPI:3.2 CYCLES:104 ICOUNT:33 IHITRATE: 80.4 DHITRATE: 0
/u/s/i/sinclair/courses/cs552/spring2019/handouts/testprograms/public/rand_simple/t_2_addi.asm SUCCESS CPI:3.2 CYCLES:105 ICOUNT:33 IHITRATE: 80.9 DHITRATE: 0
/u/s/i/sinclair/courses/cs552/spring2019/handouts/testprograms/public/rand_simple/t_2_andn.asm SUCCESS CPI:3.2 CYCLES:107 ICOUNT:33 IHITRATE: 81.6 DHITRATE: 0
/u/s/i/sinclair/courses/cs552/spring2019/handouts/testprograms/public/rand_simple/t_2_andni.asm SUCCESS CPI:3.2 CYCLES:106 ICOUNT:33 IHITRATE: 81.2 DHITRATE: 0
/u/s/i/sinclair/courses/cs552/spring2019/handouts/testprograms/public/rand_simple/t_2_beqz.asm SUCCESS CPI:38.5 CYCLES:731 ICOUNT:19 IHITRATE: 75.2 DHITRATE: 0
/u/s/i/sinclair/courses/cs552/spring2019/handouts/testprograms/public/rand_simple/t_2_bgez.asm SUCCESS CPI:31.8 CYCLES:604 ICOUNT:19 IHITRATE: 73.5 DHITRATE: 0
/u/s/i/sinclair/courses/cs552/spring2019/handouts/testprograms/public/rand_simple/t_2_bltz.asm SUCCESS CPI:34.1 CYCLES:648 ICOUNT:19 IHITRATE: 72.9 DHITRATE: 0
/u/s/i/sinclair/courses/cs552/spring2019/handouts/testprograms/public/rand_simple/t_2_bnez.asm SUCCESS CPI:33.1 CYCLES:630 ICOUNT:19 IHITRATE: 72.8 DHITRATE: 0
/u/s/i/sinclair/courses/cs552/spring2019/handouts/testprograms/public/rand_simple/t_2_btr.asm SUCCESS CPI:4.3 CYCLES:142 ICOUNT:33 IHITRATE: 78.3 DHITRATE: 0
/u/s/i/sinclair/courses/cs552/spring2019/handouts/testprograms/public/rand_simple/t_2_j.asm SUCCESS CPI:134.7 CYCLES:136 ICOUNT:1 IHITRATE: 15.8 DHITRATE: 0
/u/s/i/sinclair/courses/cs552/spring2019/handouts/testprograms/public/rand_simple/t_2_jal.asm SUCCESS CPI:8.0 CYCLES:136 ICOUNT:17 IHITRATE: 5.9 DHITRATE: 0
/u/s/i/sinclair/courses/cs552/spring2019/handouts/testprograms/public/rand_simple/t_2_jalr.asm SUCCESS CPI:6.3 CYCLES:409 ICOUNT:65 IHITRATE: 67.7 DHITRATE: 0
/u/s/i/sinclair/courses/cs552/spring2019/handouts/testprograms/public/rand_simple/t_2_jr.asm SUCCESS CPI:6.4 CYCLES:414 ICOUNT:65 IHITRATE: 67.5 DHITRATE: 0
/u/s/i/sinclair/courses/cs552/spring2019/handouts/testprograms/public/rand_simple/t_2_lbi.asm SUCCESS CPI:3.1 CYCLES:102 ICOUNT:33 IHITRATE: 79.5 DHITRATE: 0
/u/s/i/sinclair/courses/cs552/spring2019/handouts/testprograms/public/rand_simple/t_2_ld.asm SUCCESS CPI:4.0 CYCLES:194 ICOUNT:49 IHITRATE: 88.4 DHITRATE: 37.5
/u/s/i/sinclair/courses/cs552/spring2019/handouts/testprograms/public/rand_simple/t_2_rol.asm SUCCESS CPI:3.2 CYCLES:104 ICOUNT:33 IHITRATE: 80.4 DHITRATE: 0
/u/s/i/sinclair/courses/cs552/spring2019/handouts/testprograms/public/rand_simple/t_2_roli.asm SUCCESS CPI:3.1 CYCLES:102 ICOUNT:33 IHITRATE: 79.5 DHITRATE: 0
/u/s/i/sinclair/courses/cs552/spring2019/handouts/testprograms/public/rand_simple/t_2_ror.asm SUCCESS CPI:3.3 CYCLES:108 ICOUNT:33 IHITRATE: 82.0 DHITRATE: 0
/u/s/i/sinclair/courses/cs552/spring2019/handouts/testprograms/public/rand_simple/t_2_rori.asm SUCCESS CPI:3.2 CYCLES:107 ICOUNT:33 IHITRATE: 81.6 DHITRATE: 0
/u/s/i/sinclair/courses/cs552/spring2019/handouts/testprograms/public/rand_simple/t_2_sco.asm SUCCESS CPI:3.3 CYCLES:108 ICOUNT:33 IHITRATE: 82.0 DHITRATE: 0
/u/s/i/sinclair/courses/cs552/spring2019/handouts/testprograms/public/rand_simple/t_2_seq.asm SUCCESS CPI:3.3 CYCLES:108 ICOUNT:33 IHITRATE: 82.0 DHITRATE: 0
/u/s/i/sinclair/courses/cs552/spring2019/handouts/testprograms/public/rand_simple/t_2_slbi.asm SUCCESS CPI:3.2 CYCLES:105 ICOUNT:33 IHITRATE: 80.9 DHITRATE: 0
/u/s/i/sinclair/courses/cs552/spring2019/handouts/testprograms/public/rand_simple/t_2_sle.asm SUCCESS CPI:3.2 CYCLES:107 ICOUNT:33 IHITRATE: 81.6 DHITRATE: 0
/u/s/i/sinclair/courses/cs552/spring2019/handouts/testprograms/public/rand_simple/t_2_sll.asm SUCCESS CPI:3.2 CYCLES:104 ICOUNT:33 IHITRATE: 80.4 DHITRATE: 0
/u/s/i/sinclair/courses/cs552/spring2019/handouts/testprograms/public/rand_simple/t_2_slli.asm SUCCESS CPI:3.2 CYCLES:106 ICOUNT:33 IHITRATE: 81.2 DHITRATE: 0
/u/s/i/sinclair/courses/cs552/spring2019/handouts/testprograms/public/rand_simple/t_2_slt.asm SUCCESS CPI:3.2 CYCLES:105 ICOUNT:33 IHITRATE: 80.9 DHITRATE: 0
/u/s/i/sinclair/courses/cs552/spring2019/handouts/testprograms/public/rand_simple/t_2_srl.asm SUCCESS CPI:3.2 CYCLES:107 ICOUNT:33 IHITRATE: 81.6 DHITRATE: 0
/u/s/i/sinclair/courses/cs552/spring2019/handouts/testprograms/public/rand_simple/t_2_srli.asm SUCCESS CPI:3.1 CYCLES:103 ICOUNT:33 IHITRATE: 80.0 DHITRATE: 0
/u/s/i/sinclair/courses/cs552/spring2019/handouts/testprograms/public/rand_simple/t_2_st.asm SUCCESS CPI:4.2 CYCLES:204 ICOUNT:49 IHITRATE: 89.3 DHITRATE: 37.5
/u/s/i/sinclair/courses/cs552/spring2019/handouts/testprograms/public/rand_simple/t_2_stu.asm SUCCESS CPI:3.5 CYCLES:225 ICOUNT:65 IHITRATE: 90.9 DHITRATE: 18.8
/u/s/i/sinclair/courses/cs552/spring2019/handouts/testprograms/public/rand_simple/t_2_sub.asm SUCCESS CPI:3.2 CYCLES:107 ICOUNT:33 IHITRATE: 81.6 DHITRATE: 0
/u/s/i/sinclair/courses/cs552/spring2019/handouts/testprograms/public/rand_simple/t_2_subi.asm SUCCESS CPI:3.2 CYCLES:106 ICOUNT:33 IHITRATE: 81.2 DHITRATE: 0
/u/s/i/sinclair/courses/cs552/spring2019/handouts/testprograms/public/rand_simple/t_2_xor.asm SUCCESS CPI:3.2 CYCLES:104 ICOUNT:33 IHITRATE: 80.4 DHITRATE: 0
/u/s/i/sinclair/courses/cs552/spring2019/handouts/testprograms/public/rand_simple/t_2_xori.asm SUCCESS CPI:3.3 CYCLES:110 ICOUNT:33 IHITRATE: 82.7 DHITRATE: 0
/u/s/i/sinclair/courses/cs552/spring2019/handouts/testprograms/public/rand_simple/t_3_add.asm SUCCESS CPI:3.3 CYCLES:109 ICOUNT:33 IHITRATE: 82.4 DHITRATE: 0
/u/s/i/sinclair/courses/cs552/spring2019/handouts/testprograms/public/rand_simple/t_3_addi.asm SUCCESS CPI:3.2 CYCLES:106 ICOUNT:33 IHITRATE: 81.2 DHITRATE: 0
/u/s/i/sinclair/courses/cs552/spring2019/handouts/testprograms/public/rand_simple/t_3_andn.asm SUCCESS CPI:3.2 CYCLES:107 ICOUNT:33 IHITRATE: 81.6 DHITRATE: 0
/u/s/i/sinclair/courses/cs552/spring2019/handouts/testprograms/public/rand_simple/t_3_andni.asm SUCCESS CPI:3.2 CYCLES:106 ICOUNT:33 IHITRATE: 81.2 DHITRATE: 0
/u/s/i/sinclair/courses/cs552/spring2019/handouts/testprograms/public/rand_simple/t_3_beqz.asm SUCCESS CPI:41.0 CYCLES:780 ICOUNT:19 IHITRATE: 75.2 DHITRATE: 0
/u/s/i/sinclair/courses/cs552/spring2019/handouts/testprograms/public/rand_simple/t_3_bgez.asm SUCCESS CPI:27.6 CYCLES:524 ICOUNT:19 IHITRATE: 73.2 DHITRATE: 0
/u/s/i/sinclair/courses/cs552/spring2019/handouts/testprograms/public/rand_simple/t_3_bltz.asm SUCCESS CPI:22.9 CYCLES:435 ICOUNT:19 IHITRATE: 75.0 DHITRATE: 0
/u/s/i/sinclair/courses/cs552/spring2019/handouts/testprograms/public/rand_simple/t_3_bnez.asm SUCCESS CPI:28.9 CYCLES:550 ICOUNT:19 IHITRATE: 72.8 DHITRATE: 0
/u/s/i/sinclair/courses/cs552/spring2019/handouts/testprograms/public/rand_simple/t_3_btr.asm SUCCESS CPI:4.3 CYCLES:142 ICOUNT:33 IHITRATE: 78.3 DHITRATE: 0
/u/s/i/sinclair/courses/cs552/spring2019/handouts/testprograms/public/rand_simple/t_3_j.asm SUCCESS CPI:128.7 CYCLES:130 ICOUNT:1 IHITRATE: 16.7 DHITRATE: 0
/u/s/i/sinclair/courses/cs552/spring2019/handouts/testprograms/public/rand_simple/t_3_jal.asm SUCCESS CPI:7.3 CYCLES:124 ICOUNT:17 IHITRATE: 30.0 DHITRATE: 0
/u/s/i/sinclair/courses/cs552/spring2019/handouts/testprograms/public/rand_simple/t_3_jalr.asm SUCCESS CPI:6.0 CYCLES:387 ICOUNT:65 IHITRATE: 72.9 DHITRATE: 0
/u/s/i/sinclair/courses/cs552/spring2019/handouts/testprograms/public/rand_simple/t_3_jr.asm SUCCESS CPI:6.2 CYCLES:401 ICOUNT:65 IHITRATE: 68.0 DHITRATE: 0
/u/s/i/sinclair/courses/cs552/spring2019/handouts/testprograms/public/rand_simple/t_3_lbi.asm SUCCESS CPI:3.1 CYCLES:102 ICOUNT:33 IHITRATE: 79.5 DHITRATE: 0
/u/s/i/sinclair/courses/cs552/spring2019/handouts/testprograms/public/rand_simple/t_3_ld.asm SUCCESS CPI:4.0 CYCLES:198 ICOUNT:49 IHITRATE: 88.8 DHITRATE: 37.5
/u/s/i/sinclair/courses/cs552/spring2019/handouts/testprograms/public/rand_simple/t_3_rol.asm SUCCESS CPI:3.3 CYCLES:108 ICOUNT:33 IHITRATE: 82.0 DHITRATE: 0
/u/s/i/sinclair/courses/cs552/spring2019/handouts/testprograms/public/rand_simple/t_3_roli.asm SUCCESS CPI:3.2 CYCLES:104 ICOUNT:33 IHITRATE: 80.4 DHITRATE: 0
/u/s/i/sinclair/courses/cs552/spring2019/handouts/testprograms/public/rand_simple/t_3_ror.asm SUCCESS CPI:3.2 CYCLES:106 ICOUNT:33 IHITRATE: 81.2 DHITRATE: 0
/u/s/i/sinclair/courses/cs552/spring2019/handouts/testprograms/public/rand_simple/t_3_rori.asm SUCCESS CPI:3.1 CYCLES:102 ICOUNT:33 IHITRATE: 79.5 DHITRATE: 0
/u/s/i/sinclair/courses/cs552/spring2019/handouts/testprograms/public/rand_simple/t_3_sco.asm SUCCESS CPI:3.2 CYCLES:106 ICOUNT:33 IHITRATE: 81.2 DHITRATE: 0
/u/s/i/sinclair/courses/cs552/spring2019/handouts/testprograms/public/rand_simple/t_3_seq.asm SUCCESS CPI:3.2 CYCLES:106 ICOUNT:33 IHITRATE: 81.2 DHITRATE: 0
/u/s/i/sinclair/courses/cs552/spring2019/handouts/testprograms/public/rand_simple/t_3_slbi.asm SUCCESS CPI:3.2 CYCLES:105 ICOUNT:33 IHITRATE: 80.9 DHITRATE: 0
/u/s/i/sinclair/courses/cs552/spring2019/handouts/testprograms/public/rand_simple/t_3_sle.asm SUCCESS CPI:3.2 CYCLES:104 ICOUNT:33 IHITRATE: 80.4 DHITRATE: 0
/u/s/i/sinclair/courses/cs552/spring2019/handouts/testprograms/public/rand_simple/t_3_sll.asm SUCCESS CPI:3.2 CYCLES:106 ICOUNT:33 IHITRATE: 81.2 DHITRATE: 0
/u/s/i/sinclair/courses/cs552/spring2019/handouts/testprograms/public/rand_simple/t_3_slli.asm SUCCESS CPI:3.2 CYCLES:104 ICOUNT:33 IHITRATE: 80.4 DHITRATE: 0
/u/s/i/sinclair/courses/cs552/spring2019/handouts/testprograms/public/rand_simple/t_3_slt.asm SUCCESS CPI:3.2 CYCLES:105 ICOUNT:33 IHITRATE: 80.9 DHITRATE: 0
/u/s/i/sinclair/courses/cs552/spring2019/handouts/testprograms/public/rand_simple/t_3_srl.asm SUCCESS CPI:3.3 CYCLES:108 ICOUNT:33 IHITRATE: 82.0 DHITRATE: 0
/u/s/i/sinclair/courses/cs552/spring2019/handouts/testprograms/public/rand_simple/t_3_srli.asm SUCCESS CPI:3.2 CYCLES:104 ICOUNT:33 IHITRATE: 80.4 DHITRATE: 0
/u/s/i/sinclair/courses/cs552/spring2019/handouts/testprograms/public/rand_simple/t_3_st.asm SUCCESS CPI:4.4 CYCLES:216 ICOUNT:49 IHITRATE: 90.3 DHITRATE: 25.0
/u/s/i/sinclair/courses/cs552/spring2019/handouts/testprograms/public/rand_simple/t_3_stu.asm SUCCESS CPI:3.5 CYCLES:228 ICOUNT:65 IHITRATE: 91.1 DHITRATE: 12.5
/u/s/i/sinclair/courses/cs552/spring2019/handouts/testprograms/public/rand_simple/t_3_sub.asm SUCCESS CPI:3.2 CYCLES:107 ICOUNT:33 IHITRATE: 81.6 DHITRATE: 0
/u/s/i/sinclair/courses/cs552/spring2019/handouts/testprograms/public/rand_simple/t_3_subi.asm SUCCESS CPI:3.2 CYCLES:104 ICOUNT:33 IHITRATE: 80.4 DHITRATE: 0
/u/s/i/sinclair/courses/cs552/spring2019/handouts/testprograms/public/rand_simple/t_3_xor.asm SUCCESS CPI:3.2 CYCLES:106 ICOUNT:33 IHITRATE: 81.2 DHITRATE: 0
/u/s/i/sinclair/courses/cs552/spring2019/handouts/testprograms/public/rand_simple/t_3_xori.asm SUCCESS CPI:3.2 CYCLES:104 ICOUNT:33 IHITRATE: 80.4 DHITRATE: 0
/u/s/i/sinclair/courses/cs552/spring2019/handouts/testprograms/public/rand_simple/t_4_add.asm SUCCESS CPI:3.3 CYCLES:109 ICOUNT:33 IHITRATE: 82.4 DHITRATE: 0
/u/s/i/sinclair/courses/cs552/spring2019/handouts/testprograms/public/rand_simple/t_4_addi.asm SUCCESS CPI:3.1 CYCLES:103 ICOUNT:33 IHITRATE: 80.0 DHITRATE: 0
/u/s/i/sinclair/courses/cs552/spring2019/handouts/testprograms/public/rand_simple/t_4_andn.asm SUCCESS CPI:3.1 CYCLES:103 ICOUNT:33 IHITRATE: 80.0 DHITRATE: 0
/u/s/i/sinclair/courses/cs552/spring2019/handouts/testprograms/public/rand_simple/t_4_andni.asm SUCCESS CPI:3.2 CYCLES:104 ICOUNT:33 IHITRATE: 80.4 DHITRATE: 0
/u/s/i/sinclair/courses/cs552/spring2019/handouts/testprograms/public/rand_simple/t_4_beqz.asm SUCCESS CPI:38.9 CYCLES:739 ICOUNT:19 IHITRATE: 75.0 DHITRATE: 0
/u/s/i/sinclair/courses/cs552/spring2019/handouts/testprograms/public/rand_simple/t_4_bgez.asm SUCCESS CPI:32.7 CYCLES:622 ICOUNT:19 IHITRATE: 73.7 DHITRATE: 0
/u/s/i/sinclair/courses/cs552/spring2019/handouts/testprograms/public/rand_simple/t_4_bltz.asm SUCCESS CPI:36.2 CYCLES:689 ICOUNT:19 IHITRATE: 74.8 DHITRATE: 0
/u/s/i/sinclair/courses/cs552/spring2019/handouts/testprograms/public/rand_simple/t_4_bnez.asm SUCCESS CPI:33.0 CYCLES:628 ICOUNT:19 IHITRATE: 73.1 DHITRATE: 0
/u/s/i/sinclair/courses/cs552/spring2019/handouts/testprograms/public/rand_simple/t_4_btr.asm SUCCESS CPI:4.3 CYCLES:142 ICOUNT:33 IHITRATE: 78.3 DHITRATE: 0
/u/s/i/sinclair/courses/cs552/spring2019/handouts/testprograms/public/rand_simple/t_4_j.asm SUCCESS CPI:134.7 CYCLES:136 ICOUNT:1 IHITRATE: 11.1 DHITRATE: 0
/u/s/i/sinclair/courses/cs552/spring2019/handouts/testprograms/public/rand_simple/t_4_jal.asm SUCCESS CPI:8.0 CYCLES:136 ICOUNT:17 IHITRATE: 15.8 DHITRATE: 0
/u/s/i/sinclair/courses/cs552/spring2019/handouts/testprograms/public/rand_simple/t_4_jalr.asm SUCCESS CPI:6.5 CYCLES:421 ICOUNT:65 IHITRATE: 67.2 DHITRATE: 0
/u/s/i/sinclair/courses/cs552/spring2019/handouts/testprograms/public/rand_simple/t_4_jr.asm SUCCESS CPI:6.2 CYCLES:406 ICOUNT:65 IHITRATE: 69.8 DHITRATE: 0
/u/s/i/sinclair/courses/cs552/spring2019/handouts/testprograms/public/rand_simple/t_4_lbi.asm SUCCESS CPI:3.1 CYCLES:102 ICOUNT:33 IHITRATE: 79.5 DHITRATE: 0
/u/s/i/sinclair/courses/cs552/spring2019/handouts/testprograms/public/rand_simple/t_4_ld.asm SUCCESS CPI:4.2 CYCLES:208 ICOUNT:49 IHITRATE: 89.7 DHITRATE: 31.2
/u/s/i/sinclair/courses/cs552/spring2019/handouts/testprograms/public/rand_simple/t_4_rol.asm SUCCESS CPI:3.2 CYCLES:107 ICOUNT:33 IHITRATE: 81.6 DHITRATE: 0
/u/s/i/sinclair/courses/cs552/spring2019/handouts/testprograms/public/rand_simple/t_4_roli.asm SUCCESS CPI:3.3 CYCLES:110 ICOUNT:33 IHITRATE: 82.7 DHITRATE: 0
/u/s/i/sinclair/courses/cs552/spring2019/handouts/testprograms/public/rand_simple/t_4_ror.asm SUCCESS CPI:3.2 CYCLES:106 ICOUNT:33 IHITRATE: 81.2 DHITRATE: 0
/u/s/i/sinclair/courses/cs552/spring2019/handouts/testprograms/public/rand_simple/t_4_rori.asm SUCCESS CPI:3.2 CYCLES:104 ICOUNT:33 IHITRATE: 80.4 DHITRATE: 0
/u/s/i/sinclair/courses/cs552/spring2019/handouts/testprograms/public/rand_simple/t_4_sco.asm SUCCESS CPI:3.2 CYCLES:106 ICOUNT:33 IHITRATE: 81.2 DHITRATE: 0
/u/s/i/sinclair/courses/cs552/spring2019/handouts/testprograms/public/rand_simple/t_4_seq.asm SUCCESS CPI:3.2 CYCLES:106 ICOUNT:33 IHITRATE: 81.2 DHITRATE: 0
/u/s/i/sinclair/courses/cs552/spring2019/handouts/testprograms/public/rand_simple/t_4_slbi.asm SUCCESS CPI:3.2 CYCLES:104 ICOUNT:33 IHITRATE: 80.4 DHITRATE: 0
/u/s/i/sinclair/courses/cs552/spring2019/handouts/testprograms/public/rand_simple/t_4_sle.asm SUCCESS CPI:3.2 CYCLES:105 ICOUNT:33 IHITRATE: 80.9 DHITRATE: 0
/u/s/i/sinclair/courses/cs552/spring2019/handouts/testprograms/public/rand_simple/t_4_sll.asm SUCCESS CPI:3.3 CYCLES:110 ICOUNT:33 IHITRATE: 82.7 DHITRATE: 0
/u/s/i/sinclair/courses/cs552/spring2019/handouts/testprograms/public/rand_simple/t_4_slli.asm SUCCESS CPI:3.2 CYCLES:106 ICOUNT:33 IHITRATE: 81.2 DHITRATE: 0
/u/s/i/sinclair/courses/cs552/spring2019/handouts/testprograms/public/rand_simple/t_4_slt.asm SUCCESS CPI:3.2 CYCLES:104 ICOUNT:33 IHITRATE: 80.4 DHITRATE: 0
/u/s/i/sinclair/courses/cs552/spring2019/handouts/testprograms/public/rand_simple/t_4_srl.asm SUCCESS CPI:3.2 CYCLES:104 ICOUNT:33 IHITRATE: 80.4 DHITRATE: 0
/u/s/i/sinclair/courses/cs552/spring2019/handouts/testprograms/public/rand_simple/t_4_srli.asm SUCCESS CPI:3.1 CYCLES:102 ICOUNT:33 IHITRATE: 79.5 DHITRATE: 0
/u/s/i/sinclair/courses/cs552/spring2019/handouts/testprograms/public/rand_simple/t_4_st.asm SUCCESS CPI:4.3 CYCLES:211 ICOUNT:49 IHITRATE: 89.9 DHITRATE: 31.2
/u/s/i/sinclair/courses/cs552/spring2019/handouts/testprograms/public/rand_simple/t_4_stu.asm SUCCESS CPI:3.5 CYCLES:225 ICOUNT:65 IHITRATE: 90.9 DHITRATE: 18.8
/u/s/i/sinclair/courses/cs552/spring2019/handouts/testprograms/public/rand_simple/t_4_sub.asm SUCCESS CPI:3.3 CYCLES:108 ICOUNT:33 IHITRATE: 82.0 DHITRATE: 0
/u/s/i/sinclair/courses/cs552/spring2019/handouts/testprograms/public/rand_simple/t_4_subi.asm SUCCESS CPI:3.2 CYCLES:105 ICOUNT:33 IHITRATE: 80.9 DHITRATE: 0
/u/s/i/sinclair/courses/cs552/spring2019/handouts/testprograms/public/rand_simple/t_4_xor.asm SUCCESS CPI:3.2 CYCLES:107 ICOUNT:33 IHITRATE: 81.6 DHITRATE: 0
/u/s/i/sinclair/courses/cs552/spring2019/handouts/testprograms/public/rand_simple/t_4_xori.asm SUCCESS CPI:3.2 CYCLES:107 ICOUNT:33 IHITRATE: 81.6 DHITRATE: 0
