/u/s/i/sinclair/courses/cs552/spring2019/handouts/testprograms/public/inst_tests/add_0.asm SUCCESS CPI:4.1 CYCLES:37 ICOUNT:9 IHITRATE: 80.0 DHITRATE: 0
/u/s/i/sinclair/courses/cs552/spring2019/handouts/testprograms/public/inst_tests/add_1.asm SUCCESS CPI:4.7 CYCLES:19 ICOUNT:4 IHITRATE: 83.3 DHITRATE: 0
/u/s/i/sinclair/courses/cs552/spring2019/handouts/testprograms/public/inst_tests/add_2.asm SUCCESS CPI:4.7 CYCLES:19 ICOUNT:4 IHITRATE: 83.3 DHITRATE: 0
/u/s/i/sinclair/courses/cs552/spring2019/handouts/testprograms/public/inst_tests/addi_0.asm SUCCESS CPI:6.0 CYCLES:18 ICOUNT:3 IHITRATE: 83.3 DHITRATE: 0
/u/s/i/sinclair/courses/cs552/spring2019/handouts/testprograms/public/inst_tests/addi_1.asm SUCCESS CPI:6.0 CYCLES:18 ICOUNT:3 IHITRATE: 83.3 DHITRATE: 0
/u/s/i/sinclair/courses/cs552/spring2019/handouts/testprograms/public/inst_tests/addi_2.asm SUCCESS CPI:6.0 CYCLES:18 ICOUNT:3 IHITRATE: 83.3 DHITRATE: 0
/u/s/i/sinclair/courses/cs552/spring2019/handouts/testprograms/public/inst_tests/addi_3.asm SUCCESS CPI:5.2 CYCLES:21 ICOUNT:4 IHITRATE: 87.5 DHITRATE: 0
/u/s/i/sinclair/courses/cs552/spring2019/handouts/testprograms/public/inst_tests/andn_0.asm SUCCESS CPI:4.5 CYCLES:27 ICOUNT:6 IHITRATE: 80.0 DHITRATE: 0
/u/s/i/sinclair/courses/cs552/spring2019/handouts/testprograms/public/inst_tests/andn_1.asm SUCCESS CPI:4.5 CYCLES:27 ICOUNT:6 IHITRATE: 80.0 DHITRATE: 0
/u/s/i/sinclair/courses/cs552/spring2019/handouts/testprograms/public/inst_tests/andn_2.asm SUCCESS CPI:6.0 CYCLES:18 ICOUNT:3 IHITRATE: 83.3 DHITRATE: 0
/u/s/i/sinclair/courses/cs552/spring2019/handouts/testprograms/public/inst_tests/andni_0.asm SUCCESS CPI:6.0 CYCLES:18 ICOUNT:3 IHITRATE: 83.3 DHITRATE: 0
/u/s/i/sinclair/courses/cs552/spring2019/handouts/testprograms/public/inst_tests/andni_1.asm SUCCESS CPI:6.0 CYCLES:18 ICOUNT:3 IHITRATE: 83.3 DHITRATE: 0
/u/s/i/sinclair/courses/cs552/spring2019/handouts/testprograms/public/inst_tests/andni_2.asm SUCCESS CPI:6.0 CYCLES:18 ICOUNT:3 IHITRATE: 83.3 DHITRATE: 0
/u/s/i/sinclair/courses/cs552/spring2019/handouts/testprograms/public/inst_tests/andni_3.asm SUCCESS CPI:6.0 CYCLES:18 ICOUNT:3 IHITRATE: 83.3 DHITRATE: 0
/u/s/i/sinclair/courses/cs552/spring2019/handouts/testprograms/public/inst_tests/andni_4.asm SUCCESS CPI:6.0 CYCLES:18 ICOUNT:3 IHITRATE: 83.3 DHITRATE: 0
/u/s/i/sinclair/courses/cs552/spring2019/handouts/testprograms/public/inst_tests/beqz_0.asm SUCCESS CPI:4.6 CYCLES:46 ICOUNT:10 IHITRATE: 75.0 DHITRATE: 0
/u/s/i/sinclair/courses/cs552/spring2019/handouts/testprograms/public/inst_tests/bltz_0.asm SUCCESS CPI:8.6 CYCLES:26 ICOUNT:3 IHITRATE: 77.8 DHITRATE: 0
/u/s/i/sinclair/courses/cs552/spring2019/handouts/testprograms/public/inst_tests/bltz_1.asm SUCCESS CPI:6.2 CYCLES:25 ICOUNT:4 IHITRATE: 77.8 DHITRATE: 0
/u/s/i/sinclair/courses/cs552/spring2019/handouts/testprograms/public/inst_tests/bltz_2.asm SUCCESS CPI:6.2 CYCLES:25 ICOUNT:4 IHITRATE: 77.8 DHITRATE: 0
/u/s/i/sinclair/courses/cs552/spring2019/handouts/testprograms/public/inst_tests/bltz_3.asm SUCCESS CPI:9.3 CYCLES:28 ICOUNT:3 IHITRATE: 77.8 DHITRATE: 0
/u/s/i/sinclair/courses/cs552/spring2019/handouts/testprograms/public/inst_tests/bnez_0.asm SUCCESS CPI:9.0 CYCLES:18 ICOUNT:2 IHITRATE: 83.3 DHITRATE: 0
/u/s/i/sinclair/courses/cs552/spring2019/handouts/testprograms/public/inst_tests/bnez_2.asm SUCCESS CPI:9.5 CYCLES:19 ICOUNT:2 IHITRATE: 83.3 DHITRATE: 0
/u/s/i/sinclair/courses/cs552/spring2019/handouts/testprograms/public/inst_tests/bnez_3.asm SUCCESS CPI:12.4 CYCLES:25 ICOUNT:2 IHITRATE: 66.7 DHITRATE: 0
/u/s/i/sinclair/courses/cs552/spring2019/handouts/testprograms/public/inst_tests/bnez_4.asm SUCCESS CPI:12.4 CYCLES:25 ICOUNT:2 IHITRATE: 75.0 DHITRATE: 0
/u/s/i/sinclair/courses/cs552/spring2019/handouts/testprograms/public/inst_tests/bnez_5.asm SUCCESS CPI:9.0 CYCLES:27 ICOUNT:3 IHITRATE: 77.8 DHITRATE: 0
/u/s/i/sinclair/courses/cs552/spring2019/handouts/testprograms/public/inst_tests/bnez_6.asm SUCCESS CPI:8.6 CYCLES:26 ICOUNT:3 IHITRATE: 77.8 DHITRATE: 0
/u/s/i/sinclair/courses/cs552/spring2019/handouts/testprograms/public/inst_tests/btr_0.asm SUCCESS CPI:5.2 CYCLES:21 ICOUNT:4 IHITRATE: 87.5 DHITRATE: 0
/u/s/i/sinclair/courses/cs552/spring2019/handouts/testprograms/public/inst_tests/btr_1.asm SUCCESS CPI:5.2 CYCLES:21 ICOUNT:4 IHITRATE: 87.5 DHITRATE: 0
/u/s/i/sinclair/courses/cs552/spring2019/handouts/testprograms/public/inst_tests/btr_2.asm SUCCESS CPI:5.2 CYCLES:21 ICOUNT:4 IHITRATE: 87.5 DHITRATE: 0
/u/s/i/sinclair/courses/cs552/spring2019/handouts/testprograms/public/inst_tests/btr_3.asm SUCCESS CPI:5.2 CYCLES:21 ICOUNT:4 IHITRATE: 87.5 DHITRATE: 0
/u/s/i/sinclair/courses/cs552/spring2019/handouts/testprograms/public/inst_tests/btr_4.asm SUCCESS CPI:5.2 CYCLES:21 ICOUNT:4 IHITRATE: 87.5 DHITRATE: 0
/u/s/i/sinclair/courses/cs552/spring2019/handouts/testprograms/public/inst_tests/btr_5.asm SUCCESS CPI:5.2 CYCLES:21 ICOUNT:4 IHITRATE: 87.5 DHITRATE: 0
/u/s/i/sinclair/courses/cs552/spring2019/handouts/testprograms/public/inst_tests/btr_6.asm SUCCESS CPI:5.2 CYCLES:21 ICOUNT:4 IHITRATE: 87.5 DHITRATE: 0
/u/s/i/sinclair/courses/cs552/spring2019/handouts/testprograms/public/inst_tests/btr_7.asm SUCCESS CPI:5.2 CYCLES:21 ICOUNT:4 IHITRATE: 87.5 DHITRATE: 0
/u/s/i/sinclair/courses/cs552/spring2019/handouts/testprograms/public/inst_tests/btr_8.asm SUCCESS CPI:5.2 CYCLES:21 ICOUNT:4 IHITRATE: 87.5 DHITRATE: 0
/u/s/i/sinclair/courses/cs552/spring2019/handouts/testprograms/public/inst_tests/j_0.asm SUCCESS CPI:6.7 CYCLES:27 ICOUNT:4 IHITRATE: 77.8 DHITRATE: 0
/u/s/i/sinclair/courses/cs552/spring2019/handouts/testprograms/public/inst_tests/j_1.asm SUCCESS CPI:6.7 CYCLES:27 ICOUNT:4 IHITRATE: 77.8 DHITRATE: 0
/u/s/i/sinclair/courses/cs552/spring2019/handouts/testprograms/public/inst_tests/j_2.asm SUCCESS CPI:8.5 CYCLES:17 ICOUNT:2 IHITRATE: 75.0 DHITRATE: 0
/u/s/i/sinclair/courses/cs552/spring2019/handouts/testprograms/public/inst_tests/j_3.asm SUCCESS CPI:15.8 CYCLES:16 ICOUNT:1 IHITRATE: 66.7 DHITRATE: 0
/u/s/i/sinclair/courses/cs552/spring2019/handouts/testprograms/public/inst_tests/j_4.asm SUCCESS CPI:8.0 CYCLES:40 ICOUNT:5 IHITRATE: 90.5 DHITRATE: 0
/u/s/i/sinclair/courses/cs552/spring2019/handouts/testprograms/public/inst_tests/jal_0.asm SUCCESS CPI:8.5 CYCLES:17 ICOUNT:2 IHITRATE: 66.7 DHITRATE: 0
/u/s/i/sinclair/courses/cs552/spring2019/handouts/testprograms/public/inst_tests/jal_1.asm SUCCESS CPI:11.0 CYCLES:33 ICOUNT:3 IHITRATE: 66.7 DHITRATE: 0
/u/s/i/sinclair/courses/cs552/spring2019/handouts/testprograms/public/inst_tests/jal_10.asm SUCCESS CPI:10.9 CYCLES:22 ICOUNT:2 IHITRATE: 0.0 DHITRATE: 0
/u/s/i/sinclair/courses/cs552/spring2019/handouts/testprograms/public/inst_tests/jal_11.asm SUCCESS CPI:4.8 CYCLES:29 ICOUNT:6 IHITRATE: 81.8 DHITRATE: 0
/u/s/i/sinclair/courses/cs552/spring2019/handouts/testprograms/public/inst_tests/jal_12.asm SUCCESS CPI:5.0 CYCLES:20 ICOUNT:4 IHITRATE: 83.3 DHITRATE: 0
/u/s/i/sinclair/courses/cs552/spring2019/handouts/testprograms/public/inst_tests/jal_15.asm SUCCESS CPI:8.0 CYCLES:16 ICOUNT:2 IHITRATE: 75.0 DHITRATE: 0
/u/s/i/sinclair/courses/cs552/spring2019/handouts/testprograms/public/inst_tests/jal_16.asm SUCCESS CPI:10.9 CYCLES:22 ICOUNT:2 IHITRATE: 60.0 DHITRATE: 0
/u/s/i/sinclair/courses/cs552/spring2019/handouts/testprograms/public/inst_tests/jal_17.asm SUCCESS CPI:6.0 CYCLES:18 ICOUNT:3 IHITRATE: 83.3 DHITRATE: 0
/u/s/i/sinclair/courses/cs552/spring2019/handouts/testprograms/public/inst_tests/jal_19.asm SUCCESS CPI:4.7 CYCLES:28 ICOUNT:6 IHITRATE: 77.8 DHITRATE: 0
/u/s/i/sinclair/courses/cs552/spring2019/handouts/testprograms/public/inst_tests/jal_2.asm SUCCESS CPI:8.5 CYCLES:17 ICOUNT:2 IHITRATE: 75.0 DHITRATE: 0
/u/s/i/sinclair/courses/cs552/spring2019/handouts/testprograms/public/inst_tests/jal_22.asm SUCCESS CPI:8.0 CYCLES:16 ICOUNT:2 IHITRATE: 75.0 DHITRATE: 0
/u/s/i/sinclair/courses/cs552/spring2019/handouts/testprograms/public/inst_tests/jal_24.asm SUCCESS CPI:10.9 CYCLES:22 ICOUNT:2 IHITRATE: 33.3 DHITRATE: 0
/u/s/i/sinclair/courses/cs552/spring2019/handouts/testprograms/public/inst_tests/jal_25.asm SUCCESS CPI:10.9 CYCLES:22 ICOUNT:2 IHITRATE: 0.0 DHITRATE: 0
/u/s/i/sinclair/courses/cs552/spring2019/handouts/testprograms/public/inst_tests/jal_26.asm SUCCESS CPI:6.3 CYCLES:38 ICOUNT:6 IHITRATE: 80.0 DHITRATE: 0
/u/s/i/sinclair/courses/cs552/spring2019/handouts/testprograms/public/inst_tests/jal_27.asm SUCCESS CPI:5.2 CYCLES:26 ICOUNT:5 IHITRATE: 75.0 DHITRATE: 0
/u/s/i/sinclair/courses/cs552/spring2019/handouts/testprograms/public/inst_tests/jal_28.asm SUCCESS CPI:8.0 CYCLES:16 ICOUNT:2 IHITRATE: 75.0 DHITRATE: 0
/u/s/i/sinclair/courses/cs552/spring2019/handouts/testprograms/public/inst_tests/jal_29.asm SUCCESS CPI:8.0 CYCLES:16 ICOUNT:2 IHITRATE: 50.0 DHITRATE: 0
/u/s/i/sinclair/courses/cs552/spring2019/handouts/testprograms/public/inst_tests/jal_3.asm SUCCESS CPI:5.6 CYCLES:17 ICOUNT:3 IHITRATE: 66.7 DHITRATE: 0
/u/s/i/sinclair/courses/cs552/spring2019/handouts/testprograms/public/inst_tests/jal_30.asm SUCCESS CPI:5.7 CYCLES:40 ICOUNT:7 IHITRATE: 90.5 DHITRATE: 0
/u/s/i/sinclair/courses/cs552/spring2019/handouts/testprograms/public/inst_tests/jal_31.asm SUCCESS CPI:6.5 CYCLES:26 ICOUNT:4 IHITRATE: 71.4 DHITRATE: 0
/u/s/i/sinclair/courses/cs552/spring2019/handouts/testprograms/public/inst_tests/jal_32.asm SUCCESS CPI:10.9 CYCLES:22 ICOUNT:2 IHITRATE: 60.0 DHITRATE: 0
/u/s/i/sinclair/courses/cs552/spring2019/handouts/testprograms/public/inst_tests/jal_33.asm SUCCESS CPI:10.9 CYCLES:22 ICOUNT:2 IHITRATE: 50.0 DHITRATE: 0
/u/s/i/sinclair/courses/cs552/spring2019/handouts/testprograms/public/inst_tests/jal_35.asm SUCCESS CPI:5.0 CYCLES:25 ICOUNT:5 IHITRATE: 71.4 DHITRATE: 0
/u/s/i/sinclair/courses/cs552/spring2019/handouts/testprograms/public/inst_tests/jal_36.asm SUCCESS CPI:3.7 CYCLES:30 ICOUNT:8 IHITRATE: 75.0 DHITRATE: 0
/u/s/i/sinclair/courses/cs552/spring2019/handouts/testprograms/public/inst_tests/jal_4.asm SUCCESS CPI:6.0 CYCLES:24 ICOUNT:4 IHITRATE: 71.4 DHITRATE: 0
/u/s/i/sinclair/courses/cs552/spring2019/handouts/testprograms/public/inst_tests/jal_5.asm SUCCESS CPI:5.8 CYCLES:29 ICOUNT:5 IHITRATE: 75.0 DHITRATE: 0
/u/s/i/sinclair/courses/cs552/spring2019/handouts/testprograms/public/inst_tests/jal_6.asm SUCCESS CPI:5.4 CYCLES:27 ICOUNT:5 IHITRATE: 71.4 DHITRATE: 0
/u/s/i/sinclair/courses/cs552/spring2019/handouts/testprograms/public/inst_tests/jal_8.asm SUCCESS CPI:6.0 CYCLES:18 ICOUNT:3 IHITRATE: 80.0 DHITRATE: 0
/u/s/i/sinclair/courses/cs552/spring2019/handouts/testprograms/public/inst_tests/jalr_0.asm SUCCESS CPI:11.0 CYCLES:33 ICOUNT:3 IHITRATE: 70.0 DHITRATE: 0
/u/s/i/sinclair/courses/cs552/spring2019/handouts/testprograms/public/inst_tests/jalr_1.asm SUCCESS CPI:9.0 CYCLES:27 ICOUNT:3 IHITRATE: 71.4 DHITRATE: 0
/u/s/i/sinclair/courses/cs552/spring2019/handouts/testprograms/public/inst_tests/jalr_11.asm SUCCESS CPI:4.4 CYCLES:35 ICOUNT:8 IHITRATE: 72.7 DHITRATE: 0
/u/s/i/sinclair/courses/cs552/spring2019/handouts/testprograms/public/inst_tests/jalr_12.asm SUCCESS CPI:7.0 CYCLES:28 ICOUNT:4 IHITRATE: 75.0 DHITRATE: 0
/u/s/i/sinclair/courses/cs552/spring2019/handouts/testprograms/public/inst_tests/jalr_13.asm SUCCESS CPI:7.0 CYCLES:28 ICOUNT:4 IHITRATE: 75.0 DHITRATE: 0
/u/s/i/sinclair/courses/cs552/spring2019/handouts/testprograms/public/inst_tests/jalr_14.asm SUCCESS CPI:7.0 CYCLES:28 ICOUNT:4 IHITRATE: 75.0 DHITRATE: 0
/u/s/i/sinclair/courses/cs552/spring2019/handouts/testprograms/public/inst_tests/jalr_15.asm SUCCESS CPI:6.2 CYCLES:25 ICOUNT:4 IHITRATE: 71.4 DHITRATE: 0
/u/s/i/sinclair/courses/cs552/spring2019/handouts/testprograms/public/inst_tests/jalr_16.asm SUCCESS CPI:6.2 CYCLES:25 ICOUNT:4 IHITRATE: 71.4 DHITRATE: 0
/u/s/i/sinclair/courses/cs552/spring2019/handouts/testprograms/public/inst_tests/jalr_17.asm SUCCESS CPI:4.6 CYCLES:37 ICOUNT:8 IHITRATE: 78.6 DHITRATE: 0
/u/s/i/sinclair/courses/cs552/spring2019/handouts/testprograms/public/inst_tests/jalr_18.asm SUCCESS CPI:5.4 CYCLES:27 ICOUNT:5 IHITRATE: 71.4 DHITRATE: 0
/u/s/i/sinclair/courses/cs552/spring2019/handouts/testprograms/public/inst_tests/jalr_19.asm SUCCESS CPI:4.1 CYCLES:33 ICOUNT:8 IHITRATE: 81.8 DHITRATE: 0
/u/s/i/sinclair/courses/cs552/spring2019/handouts/testprograms/public/inst_tests/jalr_2.asm SUCCESS CPI:10.6 CYCLES:32 ICOUNT:3 IHITRATE: 50.0 DHITRATE: 0
/u/s/i/sinclair/courses/cs552/spring2019/handouts/testprograms/public/inst_tests/jalr_27.asm SUCCESS CPI:5.3 CYCLES:48 ICOUNT:9 IHITRATE: 76.5 DHITRATE: 0
/u/s/i/sinclair/courses/cs552/spring2019/handouts/testprograms/public/inst_tests/jalr_28.asm SUCCESS CPI:5.6 CYCLES:28 ICOUNT:5 IHITRATE: 75.0 DHITRATE: 0
/u/s/i/sinclair/courses/cs552/spring2019/handouts/testprograms/public/inst_tests/jalr_29.asm SUCCESS CPI:6.3 CYCLES:19 ICOUNT:3 IHITRATE: 75.0 DHITRATE: 0
/u/s/i/sinclair/courses/cs552/spring2019/handouts/testprograms/public/inst_tests/jalr_3.asm SUCCESS CPI:11.7 CYCLES:47 ICOUNT:4 IHITRATE: 50.0 DHITRATE: 0
/u/s/i/sinclair/courses/cs552/spring2019/handouts/testprograms/public/inst_tests/jalr_30.asm SUCCESS CPI:8.3 CYCLES:25 ICOUNT:3 IHITRATE: 66.7 DHITRATE: 0
/u/s/i/sinclair/courses/cs552/spring2019/handouts/testprograms/public/inst_tests/jalr_31.asm SUCCESS CPI:4.9 CYCLES:39 ICOUNT:8 IHITRATE: 89.5 DHITRATE: 0
/u/s/i/sinclair/courses/cs552/spring2019/handouts/testprograms/public/inst_tests/jalr_32.asm SUCCESS CPI:5.3 CYCLES:32 ICOUNT:6 IHITRATE: 71.4 DHITRATE: 0
/u/s/i/sinclair/courses/cs552/spring2019/handouts/testprograms/public/inst_tests/jalr_33.asm SUCCESS CPI:8.3 CYCLES:25 ICOUNT:3 IHITRATE: 33.3 DHITRATE: 0
/u/s/i/sinclair/courses/cs552/spring2019/handouts/testprograms/public/inst_tests/jalr_34.asm SUCCESS CPI:8.3 CYCLES:25 ICOUNT:3 IHITRATE: 66.7 DHITRATE: 0
/u/s/i/sinclair/courses/cs552/spring2019/handouts/testprograms/public/inst_tests/jalr_36.asm SUCCESS CPI:8.3 CYCLES:25 ICOUNT:3 IHITRATE: 60.0 DHITRATE: 0
/u/s/i/sinclair/courses/cs552/spring2019/handouts/testprograms/public/inst_tests/jalr_4.asm SUCCESS CPI:5.3 CYCLES:37 ICOUNT:7 IHITRATE: 72.7 DHITRATE: 0
/u/s/i/sinclair/courses/cs552/spring2019/handouts/testprograms/public/inst_tests/jalr_5.asm SUCCESS CPI:5.6 CYCLES:28 ICOUNT:5 IHITRATE: 75.0 DHITRATE: 0
/u/s/i/sinclair/courses/cs552/spring2019/handouts/testprograms/public/inst_tests/jalr_6.asm SUCCESS CPI:5.4 CYCLES:27 ICOUNT:5 IHITRATE: 75.0 DHITRATE: 0
/u/s/i/sinclair/courses/cs552/spring2019/handouts/testprograms/public/inst_tests/jalr_7.asm SUCCESS CPI:5.2 CYCLES:31 ICOUNT:6 IHITRATE: 75.0 DHITRATE: 0
/u/s/i/sinclair/courses/cs552/spring2019/handouts/testprograms/public/inst_tests/jr_0.asm SUCCESS CPI:8.3 CYCLES:25 ICOUNT:3 IHITRATE: 66.7 DHITRATE: 0
/u/s/i/sinclair/courses/cs552/spring2019/handouts/testprograms/public/inst_tests/lbi_0.asm SUCCESS CPI:4.2 CYCLES:25 ICOUNT:6 IHITRATE: 75.0 DHITRATE: 0
/u/s/i/sinclair/courses/cs552/spring2019/handouts/testprograms/public/inst_tests/lbi_1.asm SUCCESS CPI:3.8 CYCLES:34 ICOUNT:9 IHITRATE: 75.0 DHITRATE: 0
/u/s/i/sinclair/courses/cs552/spring2019/handouts/testprograms/public/inst_tests/ld_0.asm SUCCESS CPI:4.8 CYCLES:29 ICOUNT:6 IHITRATE: 83.3 DHITRATE: 50.0
/u/s/i/sinclair/courses/cs552/spring2019/handouts/testprograms/public/inst_tests/ld_1.asm SUCCESS CPI:4.8 CYCLES:29 ICOUNT:6 IHITRATE: 83.3 DHITRATE: 50.0
/u/s/i/sinclair/courses/cs552/spring2019/handouts/testprograms/public/inst_tests/ld_2.asm SUCCESS CPI:4.8 CYCLES:29 ICOUNT:6 IHITRATE: 83.3 DHITRATE: 50.0
/u/s/i/sinclair/courses/cs552/spring2019/handouts/testprograms/public/inst_tests/ld_3.asm SUCCESS CPI:4.6 CYCLES:51 ICOUNT:11 IHITRATE: 88.9 DHITRATE: 50.0
/u/s/i/sinclair/courses/cs552/spring2019/handouts/testprograms/public/inst_tests/rol_0.asm SUCCESS CPI:3.8 CYCLES:42 ICOUNT:11 IHITRATE: 83.3 DHITRATE: 0
/u/s/i/sinclair/courses/cs552/spring2019/handouts/testprograms/public/inst_tests/rol_1.asm SUCCESS CPI:3.3 CYCLES:114 ICOUNT:35 IHITRATE: 83.3 DHITRATE: 0
/u/s/i/sinclair/courses/cs552/spring2019/handouts/testprograms/public/inst_tests/roli_0.asm SUCCESS CPI:6.0 CYCLES:18 ICOUNT:3 IHITRATE: 83.3 DHITRATE: 0
/u/s/i/sinclair/courses/cs552/spring2019/handouts/testprograms/public/inst_tests/roli_1.asm SUCCESS CPI:6.0 CYCLES:18 ICOUNT:3 IHITRATE: 83.3 DHITRATE: 0
/u/s/i/sinclair/courses/cs552/spring2019/handouts/testprograms/public/inst_tests/roli_2.asm SUCCESS CPI:6.0 CYCLES:18 ICOUNT:3 IHITRATE: 83.3 DHITRATE: 0
/u/s/i/sinclair/courses/cs552/spring2019/handouts/testprograms/public/inst_tests/roli_3.asm SUCCESS CPI:6.0 CYCLES:18 ICOUNT:3 IHITRATE: 83.3 DHITRATE: 0
/u/s/i/sinclair/courses/cs552/spring2019/handouts/testprograms/public/inst_tests/roli_4.asm SUCCESS CPI:6.0 CYCLES:18 ICOUNT:3 IHITRATE: 83.3 DHITRATE: 0
/u/s/i/sinclair/courses/cs552/spring2019/handouts/testprograms/public/inst_tests/ror_0.asm SUCCESS CPI:4.7 CYCLES:19 ICOUNT:4 IHITRATE: 83.3 DHITRATE: 0
/u/s/i/sinclair/courses/cs552/spring2019/handouts/testprograms/public/inst_tests/ror_1.asm SUCCESS CPI:4.7 CYCLES:19 ICOUNT:4 IHITRATE: 83.3 DHITRATE: 0
/u/s/i/sinclair/courses/cs552/spring2019/handouts/testprograms/public/inst_tests/ror_2.asm SUCCESS CPI:4.7 CYCLES:19 ICOUNT:4 IHITRATE: 83.3 DHITRATE: 0
/u/s/i/sinclair/courses/cs552/spring2019/handouts/testprograms/public/inst_tests/ror_3.asm SUCCESS CPI:4.7 CYCLES:19 ICOUNT:4 IHITRATE: 83.3 DHITRATE: 0
/u/s/i/sinclair/courses/cs552/spring2019/handouts/testprograms/public/inst_tests/ror_4.asm SUCCESS CPI:4.7 CYCLES:19 ICOUNT:4 IHITRATE: 83.3 DHITRATE: 0
/u/s/i/sinclair/courses/cs552/spring2019/handouts/testprograms/public/inst_tests/ror_6.asm SUCCESS CPI:4.7 CYCLES:19 ICOUNT:4 IHITRATE: 83.3 DHITRATE: 0
/u/s/i/sinclair/courses/cs552/spring2019/handouts/testprograms/public/inst_tests/rori_0.asm SUCCESS CPI:3.7 CYCLES:130 ICOUNT:35 IHITRATE: 87.1 DHITRATE: 0
/u/s/i/sinclair/courses/cs552/spring2019/handouts/testprograms/public/inst_tests/sco_0.asm SUCCESS CPI:4.7 CYCLES:19 ICOUNT:4 IHITRATE: 83.3 DHITRATE: 0
/u/s/i/sinclair/courses/cs552/spring2019/handouts/testprograms/public/inst_tests/sco_1.asm SUCCESS CPI:4.7 CYCLES:19 ICOUNT:4 IHITRATE: 83.3 DHITRATE: 0
/u/s/i/sinclair/courses/cs552/spring2019/handouts/testprograms/public/inst_tests/sco_2.asm SUCCESS CPI:4.5 CYCLES:27 ICOUNT:6 IHITRATE: 80.0 DHITRATE: 0
/u/s/i/sinclair/courses/cs552/spring2019/handouts/testprograms/public/inst_tests/seq_0.asm SUCCESS CPI:3.2 CYCLES:226 ICOUNT:70 IHITRATE: 84.6 DHITRATE: 0
/u/s/i/sinclair/courses/cs552/spring2019/handouts/testprograms/public/inst_tests/seq_1.asm SUCCESS CPI:4.7 CYCLES:19 ICOUNT:4 IHITRATE: 83.3 DHITRATE: 0
/u/s/i/sinclair/courses/cs552/spring2019/handouts/testprograms/public/inst_tests/seq_2.asm SUCCESS CPI:4.7 CYCLES:19 ICOUNT:4 IHITRATE: 83.3 DHITRATE: 0
/u/s/i/sinclair/courses/cs552/spring2019/handouts/testprograms/public/inst_tests/seq_3.asm SUCCESS CPI:4.7 CYCLES:19 ICOUNT:4 IHITRATE: 83.3 DHITRATE: 0
/u/s/i/sinclair/courses/cs552/spring2019/handouts/testprograms/public/inst_tests/seq_4.asm SUCCESS CPI:4.7 CYCLES:19 ICOUNT:4 IHITRATE: 83.3 DHITRATE: 0
/u/s/i/sinclair/courses/cs552/spring2019/handouts/testprograms/public/inst_tests/seq_5.asm SUCCESS CPI:4.7 CYCLES:19 ICOUNT:4 IHITRATE: 83.3 DHITRATE: 0
/u/s/i/sinclair/courses/cs552/spring2019/handouts/testprograms/public/inst_tests/seq_6.asm SUCCESS CPI:4.7 CYCLES:19 ICOUNT:4 IHITRATE: 83.3 DHITRATE: 0
/u/s/i/sinclair/courses/cs552/spring2019/handouts/testprograms/public/inst_tests/seq_7.asm SUCCESS CPI:4.5 CYCLES:18 ICOUNT:4 IHITRATE: 80.0 DHITRATE: 0
/u/s/i/sinclair/courses/cs552/spring2019/handouts/testprograms/public/inst_tests/seq_8.asm SUCCESS CPI:4.5 CYCLES:18 ICOUNT:4 IHITRATE: 80.0 DHITRATE: 0
/u/s/i/sinclair/courses/cs552/spring2019/handouts/testprograms/public/inst_tests/seq_9.asm SUCCESS CPI:4.7 CYCLES:19 ICOUNT:4 IHITRATE: 83.3 DHITRATE: 0
/u/s/i/sinclair/courses/cs552/spring2019/handouts/testprograms/public/inst_tests/siic_0.asm FAILED
/u/s/i/sinclair/courses/cs552/spring2019/handouts/testprograms/public/inst_tests/slbi_0.asm SUCCESS CPI:6.0 CYCLES:18 ICOUNT:3 IHITRATE: 83.3 DHITRATE: 0
/u/s/i/sinclair/courses/cs552/spring2019/handouts/testprograms/public/inst_tests/slbi_1.asm SUCCESS CPI:6.0 CYCLES:18 ICOUNT:3 IHITRATE: 83.3 DHITRATE: 0
/u/s/i/sinclair/courses/cs552/spring2019/handouts/testprograms/public/inst_tests/slbi_2.asm SUCCESS CPI:6.0 CYCLES:18 ICOUNT:3 IHITRATE: 83.3 DHITRATE: 0
/u/s/i/sinclair/courses/cs552/spring2019/handouts/testprograms/public/inst_tests/sle_0.asm SUCCESS CPI:3.2 CYCLES:120 ICOUNT:37 IHITRATE: 82.1 DHITRATE: 0
/u/s/i/sinclair/courses/cs552/spring2019/handouts/testprograms/public/inst_tests/sle_1.asm SUCCESS CPI:5.2 CYCLES:26 ICOUNT:5 IHITRATE: 80.0 DHITRATE: 0
/u/s/i/sinclair/courses/cs552/spring2019/handouts/testprograms/public/inst_tests/sle_2.asm SUCCESS CPI:5.2 CYCLES:26 ICOUNT:5 IHITRATE: 80.0 DHITRATE: 0
/u/s/i/sinclair/courses/cs552/spring2019/handouts/testprograms/public/inst_tests/sle_3.asm SUCCESS CPI:5.2 CYCLES:26 ICOUNT:5 IHITRATE: 80.0 DHITRATE: 0
/u/s/i/sinclair/courses/cs552/spring2019/handouts/testprograms/public/inst_tests/sle_4.asm SUCCESS CPI:5.2 CYCLES:26 ICOUNT:5 IHITRATE: 80.0 DHITRATE: 0
/u/s/i/sinclair/courses/cs552/spring2019/handouts/testprograms/public/inst_tests/sle_5.asm SUCCESS CPI:5.2 CYCLES:26 ICOUNT:5 IHITRATE: 80.0 DHITRATE: 0
/u/s/i/sinclair/courses/cs552/spring2019/handouts/testprograms/public/inst_tests/sle_6.asm SUCCESS CPI:5.2 CYCLES:26 ICOUNT:5 IHITRATE: 80.0 DHITRATE: 0
/u/s/i/sinclair/courses/cs552/spring2019/handouts/testprograms/public/inst_tests/sll_0.asm SUCCESS CPI:4.7 CYCLES:19 ICOUNT:4 IHITRATE: 83.3 DHITRATE: 0
/u/s/i/sinclair/courses/cs552/spring2019/handouts/testprograms/public/inst_tests/sll_1.asm SUCCESS CPI:4.7 CYCLES:19 ICOUNT:4 IHITRATE: 83.3 DHITRATE: 0
/u/s/i/sinclair/courses/cs552/spring2019/handouts/testprograms/public/inst_tests/sll_2.asm SUCCESS CPI:4.7 CYCLES:19 ICOUNT:4 IHITRATE: 83.3 DHITRATE: 0
/u/s/i/sinclair/courses/cs552/spring2019/handouts/testprograms/public/inst_tests/sll_3.asm SUCCESS CPI:4.7 CYCLES:19 ICOUNT:4 IHITRATE: 83.3 DHITRATE: 0
/u/s/i/sinclair/courses/cs552/spring2019/handouts/testprograms/public/inst_tests/sll_4.asm SUCCESS CPI:4.7 CYCLES:19 ICOUNT:4 IHITRATE: 83.3 DHITRATE: 0
/u/s/i/sinclair/courses/cs552/spring2019/handouts/testprograms/public/inst_tests/slli_0.asm SUCCESS CPI:4.0 CYCLES:36 ICOUNT:9 IHITRATE: 78.6 DHITRATE: 0
/u/s/i/sinclair/courses/cs552/spring2019/handouts/testprograms/public/inst_tests/slli_1.asm SUCCESS CPI:4.5 CYCLES:27 ICOUNT:6 IHITRATE: 80.0 DHITRATE: 0
/u/s/i/sinclair/courses/cs552/spring2019/handouts/testprograms/public/inst_tests/slli_2.asm SUCCESS CPI:5.6 CYCLES:28 ICOUNT:5 IHITRATE: 83.3 DHITRATE: 0
/u/s/i/sinclair/courses/cs552/spring2019/handouts/testprograms/public/inst_tests/slt_0.asm SUCCESS CPI:4.7 CYCLES:19 ICOUNT:4 IHITRATE: 83.3 DHITRATE: 0
/u/s/i/sinclair/courses/cs552/spring2019/handouts/testprograms/public/inst_tests/slt_1.asm SUCCESS CPI:4.7 CYCLES:19 ICOUNT:4 IHITRATE: 83.3 DHITRATE: 0
/u/s/i/sinclair/courses/cs552/spring2019/handouts/testprograms/public/inst_tests/slt_2.asm SUCCESS CPI:6.0 CYCLES:18 ICOUNT:3 IHITRATE: 83.3 DHITRATE: 0
/u/s/i/sinclair/courses/cs552/spring2019/handouts/testprograms/public/inst_tests/slt_5.asm SUCCESS CPI:3.5 CYCLES:35 ICOUNT:10 IHITRATE: 75.0 DHITRATE: 0
/u/s/i/sinclair/courses/cs552/spring2019/handouts/testprograms/public/inst_tests/srli_0.asm SUCCESS CPI:6.0 CYCLES:18 ICOUNT:3 IHITRATE: 83.3 DHITRATE: 0
/u/s/i/sinclair/courses/cs552/spring2019/handouts/testprograms/public/inst_tests/srli_1.asm SUCCESS CPI:6.0 CYCLES:18 ICOUNT:3 IHITRATE: 83.3 DHITRATE: 0
/u/s/i/sinclair/courses/cs552/spring2019/handouts/testprograms/public/inst_tests/srli_2.asm SUCCESS CPI:6.0 CYCLES:18 ICOUNT:3 IHITRATE: 83.3 DHITRATE: 0
/u/s/i/sinclair/courses/cs552/spring2019/handouts/testprograms/public/inst_tests/st_0.asm SUCCESS CPI:5.3 CYCLES:32 ICOUNT:6 IHITRATE: 86.7 DHITRATE: 50.0
/u/s/i/sinclair/courses/cs552/spring2019/handouts/testprograms/public/inst_tests/st_1.asm SUCCESS CPI:5.3 CYCLES:32 ICOUNT:6 IHITRATE: 86.7 DHITRATE: 50.0
/u/s/i/sinclair/courses/cs552/spring2019/handouts/testprograms/public/inst_tests/st_10.asm SUCCESS CPI:6.5 CYCLES:26 ICOUNT:4 IHITRATE: 81.8 DHITRATE: 0.0
/u/s/i/sinclair/courses/cs552/spring2019/handouts/testprograms/public/inst_tests/st_2.asm SUCCESS CPI:5.3 CYCLES:32 ICOUNT:6 IHITRATE: 86.7 DHITRATE: 50.0
/u/s/i/sinclair/courses/cs552/spring2019/handouts/testprograms/public/inst_tests/st_3.asm SUCCESS CPI:5.0 CYCLES:35 ICOUNT:7 IHITRATE: 88.2 DHITRATE: 50.0
/u/s/i/sinclair/courses/cs552/spring2019/handouts/testprograms/public/inst_tests/st_4.asm SUCCESS CPI:6.5 CYCLES:26 ICOUNT:4 IHITRATE: 81.8 DHITRATE: 0.0
/u/s/i/sinclair/courses/cs552/spring2019/handouts/testprograms/public/inst_tests/st_5.asm SUCCESS CPI:6.5 CYCLES:26 ICOUNT:4 IHITRATE: 81.8 DHITRATE: 0.0
/u/s/i/sinclair/courses/cs552/spring2019/handouts/testprograms/public/inst_tests/st_6.asm SUCCESS CPI:6.5 CYCLES:26 ICOUNT:4 IHITRATE: 81.8 DHITRATE: 0.0
/u/s/i/sinclair/courses/cs552/spring2019/handouts/testprograms/public/inst_tests/st_7.asm SUCCESS CPI:6.5 CYCLES:26 ICOUNT:4 IHITRATE: 81.8 DHITRATE: 0.0
/u/s/i/sinclair/courses/cs552/spring2019/handouts/testprograms/public/inst_tests/st_8.asm SUCCESS CPI:6.5 CYCLES:26 ICOUNT:4 IHITRATE: 81.8 DHITRATE: 0.0
/u/s/i/sinclair/courses/cs552/spring2019/handouts/testprograms/public/inst_tests/st_9.asm SUCCESS CPI:6.5 CYCLES:26 ICOUNT:4 IHITRATE: 81.8 DHITRATE: 0.0
/u/s/i/sinclair/courses/cs552/spring2019/handouts/testprograms/public/inst_tests/stu_0.asm SUCCESS CPI:4.8 CYCLES:29 ICOUNT:6 IHITRATE: 84.6 DHITRATE: 50.0
/u/s/i/sinclair/courses/cs552/spring2019/handouts/testprograms/public/inst_tests/stu_1.asm SUCCESS CPI:4.8 CYCLES:29 ICOUNT:6 IHITRATE: 84.6 DHITRATE: 50.0
/u/s/i/sinclair/courses/cs552/spring2019/handouts/testprograms/public/inst_tests/stu_2.asm SUCCESS CPI:4.8 CYCLES:29 ICOUNT:6 IHITRATE: 84.6 DHITRATE: 50.0
/u/s/i/sinclair/courses/cs552/spring2019/handouts/testprograms/public/inst_tests/sub_0.asm SUCCESS CPI:5.0 CYCLES:25 ICOUNT:5 IHITRATE: 77.8 DHITRATE: 0
/u/s/i/sinclair/courses/cs552/spring2019/handouts/testprograms/public/inst_tests/sub_1.asm SUCCESS CPI:4.2 CYCLES:25 ICOUNT:6 IHITRATE: 75.0 DHITRATE: 0
/u/s/i/sinclair/courses/cs552/spring2019/handouts/testprograms/public/inst_tests/sub_2.asm SUCCESS CPI:4.7 CYCLES:19 ICOUNT:4 IHITRATE: 83.3 DHITRATE: 0
/u/s/i/sinclair/courses/cs552/spring2019/handouts/testprograms/public/inst_tests/sub_3.asm SUCCESS CPI:4.7 CYCLES:19 ICOUNT:4 IHITRATE: 83.3 DHITRATE: 0
/u/s/i/sinclair/courses/cs552/spring2019/handouts/testprograms/public/inst_tests/sub_4.asm SUCCESS CPI:4.7 CYCLES:19 ICOUNT:4 IHITRATE: 83.3 DHITRATE: 0
/u/s/i/sinclair/courses/cs552/spring2019/handouts/testprograms/public/inst_tests/sub_5.asm SUCCESS CPI:4.7 CYCLES:19 ICOUNT:4 IHITRATE: 83.3 DHITRATE: 0
/u/s/i/sinclair/courses/cs552/spring2019/handouts/testprograms/public/inst_tests/sub_6.asm SUCCESS CPI:6.0 CYCLES:18 ICOUNT:3 IHITRATE: 83.3 DHITRATE: 0
/u/s/i/sinclair/courses/cs552/spring2019/handouts/testprograms/public/inst_tests/sub_7.asm SUCCESS CPI:6.0 CYCLES:18 ICOUNT:3 IHITRATE: 83.3 DHITRATE: 0
/u/s/i/sinclair/courses/cs552/spring2019/handouts/testprograms/public/inst_tests/subi_0.asm SUCCESS CPI:6.0 CYCLES:18 ICOUNT:3 IHITRATE: 83.3 DHITRATE: 0
/u/s/i/sinclair/courses/cs552/spring2019/handouts/testprograms/public/inst_tests/subi_1.asm SUCCESS CPI:6.0 CYCLES:18 ICOUNT:3 IHITRATE: 83.3 DHITRATE: 0
/u/s/i/sinclair/courses/cs552/spring2019/handouts/testprograms/public/inst_tests/subi_2.asm SUCCESS CPI:6.0 CYCLES:18 ICOUNT:3 IHITRATE: 83.3 DHITRATE: 0
/u/s/i/sinclair/courses/cs552/spring2019/handouts/testprograms/public/inst_tests/xor_0.asm SUCCESS CPI:6.0 CYCLES:18 ICOUNT:3 IHITRATE: 83.3 DHITRATE: 0
/u/s/i/sinclair/courses/cs552/spring2019/handouts/testprograms/public/inst_tests/xor_1.asm SUCCESS CPI:4.7 CYCLES:19 ICOUNT:4 IHITRATE: 83.3 DHITRATE: 0
/u/s/i/sinclair/courses/cs552/spring2019/handouts/testprograms/public/inst_tests/xor_2.asm SUCCESS CPI:4.7 CYCLES:19 ICOUNT:4 IHITRATE: 83.3 DHITRATE: 0
/u/s/i/sinclair/courses/cs552/spring2019/handouts/testprograms/public/inst_tests/xor_3.asm SUCCESS CPI:4.7 CYCLES:19 ICOUNT:4 IHITRATE: 83.3 DHITRATE: 0
/u/s/i/sinclair/courses/cs552/spring2019/handouts/testprograms/public/inst_tests/xor_4.asm SUCCESS CPI:4.7 CYCLES:19 ICOUNT:4 IHITRATE: 83.3 DHITRATE: 0
/u/s/i/sinclair/courses/cs552/spring2019/handouts/testprograms/public/inst_tests/xor_5.asm SUCCESS CPI:6.0 CYCLES:18 ICOUNT:3 IHITRATE: 83.3 DHITRATE: 0
/u/s/i/sinclair/courses/cs552/spring2019/handouts/testprograms/public/inst_tests/xor_6.asm SUCCESS CPI:5.2 CYCLES:26 ICOUNT:5 IHITRATE: 80.0 DHITRATE: 0
/u/s/i/sinclair/courses/cs552/spring2019/handouts/testprograms/public/inst_tests/xori_0.asm SUCCESS CPI:6.0 CYCLES:18 ICOUNT:3 IHITRATE: 83.3 DHITRATE: 0
/u/s/i/sinclair/courses/cs552/spring2019/handouts/testprograms/public/inst_tests/xori_1.asm SUCCESS CPI:6.0 CYCLES:18 ICOUNT:3 IHITRATE: 83.3 DHITRATE: 0
/u/s/i/sinclair/courses/cs552/spring2019/handouts/testprograms/public/inst_tests/xori_10.asm SUCCESS CPI:6.0 CYCLES:18 ICOUNT:3 IHITRATE: 83.3 DHITRATE: 0
/u/s/i/sinclair/courses/cs552/spring2019/handouts/testprograms/public/inst_tests/xori_11.asm SUCCESS CPI:6.0 CYCLES:18 ICOUNT:3 IHITRATE: 83.3 DHITRATE: 0
/u/s/i/sinclair/courses/cs552/spring2019/handouts/testprograms/public/inst_tests/xori_12.asm SUCCESS CPI:6.0 CYCLES:18 ICOUNT:3 IHITRATE: 83.3 DHITRATE: 0
/u/s/i/sinclair/courses/cs552/spring2019/handouts/testprograms/public/inst_tests/xori_13.asm SUCCESS CPI:6.0 CYCLES:18 ICOUNT:3 IHITRATE: 83.3 DHITRATE: 0
/u/s/i/sinclair/courses/cs552/spring2019/handouts/testprograms/public/inst_tests/xori_2.asm SUCCESS CPI:6.0 CYCLES:18 ICOUNT:3 IHITRATE: 83.3 DHITRATE: 0
/u/s/i/sinclair/courses/cs552/spring2019/handouts/testprograms/public/inst_tests/xori_3.asm SUCCESS CPI:6.0 CYCLES:18 ICOUNT:3 IHITRATE: 83.3 DHITRATE: 0
/u/s/i/sinclair/courses/cs552/spring2019/handouts/testprograms/public/inst_tests/xori_4.asm SUCCESS CPI:6.0 CYCLES:18 ICOUNT:3 IHITRATE: 83.3 DHITRATE: 0
/u/s/i/sinclair/courses/cs552/spring2019/handouts/testprograms/public/inst_tests/xori_5.asm SUCCESS CPI:6.0 CYCLES:18 ICOUNT:3 IHITRATE: 83.3 DHITRATE: 0
/u/s/i/sinclair/courses/cs552/spring2019/handouts/testprograms/public/inst_tests/xori_6.asm SUCCESS CPI:6.0 CYCLES:18 ICOUNT:3 IHITRATE: 83.3 DHITRATE: 0
/u/s/i/sinclair/courses/cs552/spring2019/handouts/testprograms/public/inst_tests/xori_7.asm SUCCESS CPI:6.0 CYCLES:18 ICOUNT:3 IHITRATE: 83.3 DHITRATE: 0
/u/s/i/sinclair/courses/cs552/spring2019/handouts/testprograms/public/inst_tests/xori_8.asm SUCCESS CPI:6.0 CYCLES:18 ICOUNT:3 IHITRATE: 83.3 DHITRATE: 0
/u/s/i/sinclair/courses/cs552/spring2019/handouts/testprograms/public/inst_tests/xori_9.asm SUCCESS CPI:6.0 CYCLES:18 ICOUNT:3 IHITRATE: 83.3 DHITRATE: 0
