SIMLOG:: Cycle           4 PC: 00000000 I: 00000800 R: 0   0 00000000 M: 0 0 00000000 00000000
SIMLOG:: Cycle           5 PC: 00000000 I: 00000800 R: 0   0 00000000 M: 0 0 00000000 00000000
SIMLOG:: Cycle           6 PC: 00000000 I: 00000800 R: 0   0 00000000 M: 0 0 0000xxxx 00000000
SIMLOG:: Cycle           7 PC: 00000000 I: 00000800 R: 0   x 0000xxxx M: 0 0 0000xxxx 00000000
SIMLOG:: Cycle           8 PC: 00000000 I: 00000800 R: 0   x 0000xxxx M: 0 0 0000xxxx 00000000
SIMLOG:: Cycle           9 PC: 00000000 I: 00000800 R: 0   x 0000xxxx M: 0 0 0000xxxx 00000000
SIMLOG:: Cycle          10 PC: 00000000 I: 00000800 R: 0   x 0000xxxx M: 0 0 0000xxxx 00000000
SIMLOG:: Cycle          11 PC: 00000002 I: 0000c00a R: 0   x 0000xxxx M: 0 0 0000xxxx 00000000
SIMLOG:: Cycle          12 PC: 00000004 I: 0000c10a R: 0   x 0000xxxx M: 0 0 0000xxxx 00000000
SIMLOG:: Cycle          13 PC: 00000006 I: 00000800 R: 0   x 0000xxxx M: 0 0 0000000a 00000000
SIMLOG:: Cycle          14 PC: 00000008 I: 0000d828 R: 1   0 0000000a M: 0 0 0000000a 00000000
SIMLOG:: Cycle          15 PC: 00000008 I: 00000800 R: 1   1 0000000a M: 0 0 0000xxxx 00000000
SIMLOG:: Cycle          16 PC: 00000008 I: 00000800 R: 0   x 0000xxxx M: 0 0 00000014 0000000a
SIMLOG:: Cycle          17 PC: 00000008 I: 00000800 R: 1   2 00000014 M: 0 0 0000xxxx 0000000a
SIMLOG:: Cycle          18 PC: 00000008 I: 00000800 R: 0   x 0000xxxx M: 0 0 0000xxxx 0000000a
SIMLOG:: Cycle          19 PC: 00000008 I: 00000800 R: 0   x 0000xxxx M: 0 0 0000xxxx 0000000a
SIMLOG:: Cycle          20 PC: 00000008 I: 00000800 R: 0   x 0000xxxx M: 0 0 0000xxxx 0000000a
SIMLOG:: Cycle          21 PC: 0000000a I: 00000800 R: 0   x 0000xxxx M: 0 0 0000xxxx 0000000a
SIMLOG:: Cycle          22 PC: 0000000c I: 00000800 R: 0   x 0000xxxx M: 0 0 0000xxxx 0000000a
SIMLOG:: Cycle          23 PC: 0000000e I: 0000d848 R: 0   x 0000xxxx M: 0 0 0000xxxx 0000000a
SIMLOG:: Cycle          24 PC: 00000010 I: 0000d848 R: 0   x 0000xxxx M: 0 0 0000xxxx 0000000a
SIMLOG:: Cycle          25 PC: 00000010 I: 00000800 R: 0   x 0000xxxx M: 0 0 0000001e 00000014
SIMLOG:: Cycle          26 PC: 00000010 I: 00000800 R: 1   2 0000001e M: 0 0 00000028 0000001e
SIMLOG:: Cycle          27 PC: 00000010 I: 00000800 R: 1   2 00000028 M: 0 0 0000xxxx 0000000a
SIMLOG:: Cycle          28 PC: 00000010 I: 00000800 R: 0   x 0000xxxx M: 0 0 0000xxxx 0000000a
SIMLOG:: Cycle          29 PC: 00000010 I: 00000800 R: 0   x 0000xxxx M: 0 0 0000xxxx 0000000a
SIMLOG:: Cycle          30 PC: 00000010 I: 00000800 R: 0   x 0000xxxx M: 0 0 0000xxxx 0000000a
SIMLOG:: Cycle          31 PC: 00000012 I: 0000d848 R: 0   x 0000xxxx M: 0 0 0000xxxx 0000000a
SIMLOG:: Cycle          32 PC: 00000014 I: 0000d848 R: 0   x 0000xxxx M: 0 0 0000xxxx 0000000a
SIMLOG:: Cycle          33 PC: 00000016 I: 0000d848 R: 0   x 0000xxxx M: 0 0 00000032 00000028
SIMLOG:: Cycle          34 PC: 00000018 I: 0000d848 R: 1   2 00000032 M: 0 0 0000003c 00000032
SIMLOG:: Cycle          35 PC: 00000018 I: 00000800 R: 1   2 0000003c M: 0 0 00000046 0000003c
SIMLOG:: Cycle          36 PC: 00000018 I: 00000800 R: 1   2 00000046 M: 0 0 00000050 00000046
SIMLOG:: Cycle          37 PC: 00000018 I: 00000800 R: 1   2 00000050 M: 0 0 0000xxxx 0000000a
SIMLOG:: Cycle          38 PC: 00000018 I: 00000800 R: 0   x 0000xxxx M: 0 0 0000xxxx 0000000a
SIMLOG:: Cycle          39 PC: 00000018 I: 00000800 R: 0   x 0000xxxx M: 0 0 0000xxxx 0000000a
SIMLOG:: Cycle          40 PC: 00000018 I: 00000800 R: 0   x 0000xxxx M: 0 0 0000xxxx 0000000a
SIMLOG:: Cycle          41 PC: 0000001a I: 0000d848 R: 0   x 0000xxxx M: 0 0 0000xxxx 0000000a
SIMLOG:: Cycle          42 PC: 0000001c I: 00000000 R: 0   x 0000xxxx M: 0 0 0000xxxx 0000000a
SIMLOG:: Cycle          43 PC: 0000001e I: 00000000 R: 0   x 0000xxxx M: 0 0 0000005a 00000050
SIMLOG:: Cycle          44 PC: 00000020 I: 00000000 R: 1   2 0000005a M: 0 0 0000xxxx 0000000a
SIMLOG:: Cycle          45 PC: 00000020 I: 00000800 R: 0   x 0000xxxx M: 0 0 0000xxxx 0000000a
SIMLOG:: Processor halted

SIMLOG:: sim_cycles          45

SIMLOG:: inst_count          11

SIMLOG:: dcachehit_count           0

SIMLOG:: icachehit_count          12

SIMLOG:: dcachereq_count           0

SIMLOG:: icachereq_count          16

